TN:
SF:src\App.tsx
FN:47,(anonymous_0)
FN:48,(anonymous_1)
FN:49,(anonymous_2)
FN:50,(anonymous_3)
FN:51,(anonymous_4)
FN:52,(anonymous_5)
FN:53,(anonymous_6)
FN:53,(anonymous_7)
FN:54,(anonymous_8)
FN:55,(anonymous_9)
FN:57,(anonymous_10)
FN:59,(anonymous_11)
FN:60,(anonymous_12)
FN:61,(anonymous_13)
FN:62,(anonymous_14)
FN:63,(anonymous_15)
FN:64,(anonymous_16)
FN:65,(anonymous_17)
FN:74,(anonymous_18)
FN:75,(anonymous_19)
FN:76,(anonymous_20)
FN:81,(anonymous_21)
FN:82,(anonymous_22)
FN:83,(anonymous_23)
FN:84,(anonymous_24)
FN:85,(anonymous_25)
FN:89,(anonymous_26)
FN:91,AppContent
FN:93,(anonymous_28)
FN:123,(anonymous_29)
FN:127,(anonymous_30)
FN:129,(anonymous_31)
FN:181,(anonymous_32)
FN:190,(anonymous_33)
FN:204,(anonymous_34)
FN:206,(anonymous_35)
FN:210,(anonymous_36)
FN:244,(anonymous_37)
FN:256,(anonymous_38)
FN:260,(anonymous_39)
FN:260,(anonymous_40)
FN:266,(anonymous_41)
FN:271,(anonymous_42)
FN:273,(anonymous_43)
FN:275,(anonymous_44)
FN:284,(anonymous_45)
FN:286,(anonymous_46)
FN:288,(anonymous_47)
FN:299,(anonymous_48)
FN:317,(anonymous_49)
FN:330,(anonymous_50)
FN:331,(anonymous_51)
FN:337,(anonymous_52)
FN:338,(anonymous_53)
FN:350,(anonymous_54)
FN:351,(anonymous_55)
FN:592,(anonymous_56)
FN:608,(anonymous_57)
FN:616,(anonymous_58)
FN:623,(anonymous_59)
FN:638,(anonymous_60)
FN:640,(anonymous_61)
FN:645,(anonymous_62)
FN:652,(anonymous_63)
FN:655,(anonymous_64)
FN:679,(anonymous_65)
FN:686,(anonymous_66)
FN:686,(anonymous_67)
FN:703,(anonymous_68)
FN:709,(anonymous_69)
FN:717,App
FN:754,(anonymous_71)
FN:762,(anonymous_72)
FN:765,(anonymous_73)
FN:773,(anonymous_74)
FN:783,(anonymous_75)
FN:804,(anonymous_76)
FN:806,(anonymous_77)
FNF:78
FNH:0
FNDA:0,(anonymous_0)
FNDA:0,(anonymous_1)
FNDA:0,(anonymous_2)
FNDA:0,(anonymous_3)
FNDA:0,(anonymous_4)
FNDA:0,(anonymous_5)
FNDA:0,(anonymous_6)
FNDA:0,(anonymous_7)
FNDA:0,(anonymous_8)
FNDA:0,(anonymous_9)
FNDA:0,(anonymous_10)
FNDA:0,(anonymous_11)
FNDA:0,(anonymous_12)
FNDA:0,(anonymous_13)
FNDA:0,(anonymous_14)
FNDA:0,(anonymous_15)
FNDA:0,(anonymous_16)
FNDA:0,(anonymous_17)
FNDA:0,(anonymous_18)
FNDA:0,(anonymous_19)
FNDA:0,(anonymous_20)
FNDA:0,(anonymous_21)
FNDA:0,(anonymous_22)
FNDA:0,(anonymous_23)
FNDA:0,(anonymous_24)
FNDA:0,(anonymous_25)
FNDA:0,(anonymous_26)
FNDA:0,AppContent
FNDA:0,(anonymous_28)
FNDA:0,(anonymous_29)
FNDA:0,(anonymous_30)
FNDA:0,(anonymous_31)
FNDA:0,(anonymous_32)
FNDA:0,(anonymous_33)
FNDA:0,(anonymous_34)
FNDA:0,(anonymous_35)
FNDA:0,(anonymous_36)
FNDA:0,(anonymous_37)
FNDA:0,(anonymous_38)
FNDA:0,(anonymous_39)
FNDA:0,(anonymous_40)
FNDA:0,(anonymous_41)
FNDA:0,(anonymous_42)
FNDA:0,(anonymous_43)
FNDA:0,(anonymous_44)
FNDA:0,(anonymous_45)
FNDA:0,(anonymous_46)
FNDA:0,(anonymous_47)
FNDA:0,(anonymous_48)
FNDA:0,(anonymous_49)
FNDA:0,(anonymous_50)
FNDA:0,(anonymous_51)
FNDA:0,(anonymous_52)
FNDA:0,(anonymous_53)
FNDA:0,(anonymous_54)
FNDA:0,(anonymous_55)
FNDA:0,(anonymous_56)
FNDA:0,(anonymous_57)
FNDA:0,(anonymous_58)
FNDA:0,(anonymous_59)
FNDA:0,(anonymous_60)
FNDA:0,(anonymous_61)
FNDA:0,(anonymous_62)
FNDA:0,(anonymous_63)
FNDA:0,(anonymous_64)
FNDA:0,(anonymous_65)
FNDA:0,(anonymous_66)
FNDA:0,(anonymous_67)
FNDA:0,(anonymous_68)
FNDA:0,(anonymous_69)
FNDA:0,App
FNDA:0,(anonymous_71)
FNDA:0,(anonymous_72)
FNDA:0,(anonymous_73)
FNDA:0,(anonymous_74)
FNDA:0,(anonymous_75)
FNDA:0,(anonymous_76)
FNDA:0,(anonymous_77)
DA:47,0
DA:48,0
DA:49,0
DA:50,0
DA:51,0
DA:52,0
DA:53,0
DA:54,0
DA:55,0
DA:56,0
DA:57,0
DA:59,0
DA:60,0
DA:61,0
DA:62,0
DA:63,0
DA:64,0
DA:65,0
DA:74,0
DA:75,0
DA:76,0
DA:81,0
DA:82,0
DA:83,0
DA:84,0
DA:85,0
DA:89,0
DA:93,0
DA:94,0
DA:95,0
DA:98,0
DA:99,0
DA:101,0
DA:102,0
DA:103,0
DA:107,0
DA:112,0
DA:113,0
DA:116,0
DA:119,0
DA:123,0
DA:124,0
DA:127,0
DA:129,0
DA:130,0
DA:131,0
DA:132,0
DA:146,0
DA:147,0
DA:153,0
DA:154,0
DA:155,0
DA:156,0
DA:158,0
DA:161,0
DA:172,0
DA:177,0
DA:181,0
DA:182,0
DA:183,0
DA:190,0
DA:203,0
DA:205,0
DA:206,0
DA:210,0
DA:214,0
DA:216,0
DA:233,0
DA:234,0
DA:236,0
DA:237,0
DA:239,0
DA:240,0
DA:244,0
DA:245,0
DA:247,0
DA:248,0
DA:250,0
DA:252,0
DA:256,0
DA:257,0
DA:258,0
DA:259,0
DA:260,0
DA:262,0
DA:266,0
DA:270,0
DA:272,0
DA:273,0
DA:275,0
DA:279,0
DA:280,0
DA:283,0
DA:285,0
DA:286,0
DA:288,0
DA:293,0
DA:295,0
DA:299,0
DA:303,0
DA:304,0
DA:305,0
DA:307,0
DA:308,0
DA:315,0
DA:318,0
DA:329,0
DA:330,0
DA:331,0
DA:338,0
DA:339,0
DA:340,0
DA:341,0
DA:342,0
DA:350,0
DA:351,0
DA:352,0
DA:354,0
DA:355,0
DA:365,0
DA:592,0
DA:608,0
DA:616,0
DA:623,0
DA:638,0
DA:639,0
DA:640,0
DA:641,0
DA:642,0
DA:645,0
DA:646,0
DA:647,0
DA:648,0
DA:652,0
DA:653,0
DA:655,0
DA:656,0
DA:659,0
DA:679,0
DA:684,0
DA:685,0
DA:686,0
DA:693,0
DA:694,0
DA:697,0
DA:699,0
DA:703,0
DA:704,0
DA:707,0
DA:708,0
DA:710,0
DA:714,0
DA:718,0
DA:754,0
DA:761,0
DA:762,0
DA:765,0
DA:766,0
DA:772,0
DA:773,0
DA:774,0
DA:781,0
DA:782,0
DA:784,0
DA:785,0
DA:794,0
DA:795,0
DA:798,0
DA:803,0
DA:804,0
DA:807,0
DA:810,0
DA:811,0
DA:813,0
DA:816,0
LF:175
LH:0
BRDA:95,0,0,0
BRDA:95,0,1,0
BRDA:107,1,0,0
BRDA:107,1,1,0
BRDA:107,1,2,0
BRDA:153,2,0,0
BRDA:153,2,1,0
BRDA:154,3,0,0
BRDA:154,3,1,0
BRDA:182,4,0,0
BRDA:182,4,1,0
BRDA:205,5,0,0
BRDA:205,5,1,0
BRDA:214,6,0,0
BRDA:214,6,1,0
BRDA:244,7,0,0
BRDA:245,8,0,0
BRDA:245,8,1,0
BRDA:258,9,0,0
BRDA:258,9,1,0
BRDA:272,10,0,0
BRDA:272,10,1,0
BRDA:273,11,0,0
BRDA:273,11,1,0
BRDA:285,12,0,0
BRDA:285,12,1,0
BRDA:286,13,0,0
BRDA:286,13,1,0
BRDA:301,14,0,0
BRDA:303,15,0,0
BRDA:303,15,1,0
BRDA:339,16,0,0
BRDA:339,16,1,0
BRDA:352,17,0,0
BRDA:352,17,1,0
BRDA:380,18,0,0
BRDA:380,18,1,0
BRDA:391,19,0,0
BRDA:391,19,1,0
BRDA:405,20,0,0
BRDA:405,20,1,0
BRDA:406,21,0,0
BRDA:406,21,1,0
BRDA:407,22,0,0
BRDA:407,22,1,0
BRDA:408,23,0,0
BRDA:408,23,1,0
BRDA:410,24,0,0
BRDA:410,24,1,0
BRDA:411,25,0,0
BRDA:411,25,1,0
BRDA:421,26,0,0
BRDA:421,26,1,0
BRDA:432,27,0,0
BRDA:432,27,1,0
BRDA:569,28,0,0
BRDA:569,28,1,0
BRDA:588,29,0,0
BRDA:588,29,1,0
BRDA:588,29,2,0
BRDA:604,30,0,0
BRDA:604,30,1,0
BRDA:604,30,2,0
BRDA:619,31,0,0
BRDA:619,31,1,0
BRDA:693,32,0,0
BRDA:693,32,1,0
BRDA:693,33,0,0
BRDA:693,33,1,0
BRDA:697,34,0,0
BRDA:697,34,1,0
BRDA:703,35,0,0
BRDA:703,35,1,0
BRDA:703,36,0,0
BRDA:703,36,1,0
BRDA:707,37,0,0
BRDA:707,37,1,0
BRDA:774,38,0,0
BRDA:774,38,1,0
BRDA:794,39,0,0
BRDA:794,39,1,0
BRDA:798,40,0,0
BRDA:798,40,1,0
BRDA:810,41,0,0
BRDA:810,41,1,0
BRF:85
BRH:0
end_of_record
TN:
SF:src\theme.ts
FN:39,getScrollbarColors
FN:47,createAppTheme
FNF:2
FNH:0
FNDA:0,getScrollbarColors
FNDA:0,createAppTheme
DA:4,0
DA:24,0
DA:40,0
DA:41,0
DA:48,0
DA:49,0
DA:50,0
DA:53,0
DA:54,0
DA:56,0
LF:10
LH:0
BRDA:42,0,0,0
BRDA:42,0,1,0
BRDA:43,1,0,0
BRDA:43,1,1,0
BRDA:49,2,0,0
BRDA:49,2,1,0
BRDA:53,3,0,0
BRDA:53,3,1,0
BRDA:54,4,0,0
BRDA:54,4,1,0
BRDA:68,5,0,0
BRDA:68,5,1,0
BRDA:71,6,0,0
BRDA:71,6,1,0
BRDA:76,7,0,0
BRDA:76,7,1,0
BRDA:82,8,0,0
BRDA:82,8,1,0
BRDA:83,9,0,0
BRDA:83,9,1,0
BRDA:86,10,0,0
BRDA:86,10,1,0
BRDA:87,11,0,0
BRDA:87,11,1,0
BRDA:90,12,0,0
BRDA:90,12,1,0
BRDA:92,13,0,0
BRDA:92,13,1,0
BRDA:94,14,0,0
BRDA:94,14,1,0
BRDA:95,15,0,0
BRDA:95,15,1,0
BRDA:96,16,0,0
BRDA:96,16,1,0
BRDA:301,17,0,0
BRDA:301,17,1,0
BRDA:322,18,0,0
BRDA:322,18,1,0
BRDA:357,19,0,0
BRDA:357,19,1,0
BRDA:358,20,0,0
BRDA:358,20,1,0
BRDA:360,21,0,0
BRDA:360,21,1,0
BRDA:362,22,0,0
BRDA:362,22,1,0
BRDA:373,23,0,0
BRDA:373,23,1,0
BRDA:399,24,0,0
BRDA:399,24,1,0
BRDA:419,25,0,0
BRDA:419,25,1,0
BRF:52
BRH:0
end_of_record
TN:
SF:src\components\AppLoadingProgress.tsx
FN:30,(anonymous_0)
FN:33,(anonymous_1)
FN:43,(anonymous_2)
FN:54,(anonymous_3)
FN:68,(anonymous_4)
FN:69,(anonymous_5)
FN:70,(anonymous_6)
FN:72,(anonymous_7)
FN:73,(anonymous_8)
FN:74,(anonymous_9)
FN:79,(anonymous_10)
FN:82,(anonymous_11)
FN:83,(anonymous_12)
FN:84,(anonymous_13)
FN:86,(anonymous_14)
FN:89,(anonymous_15)
FNF:16
FNH:0
FNDA:0,(anonymous_0)
FNDA:0,(anonymous_1)
FNDA:0,(anonymous_2)
FNDA:0,(anonymous_3)
FNDA:0,(anonymous_4)
FNDA:0,(anonymous_5)
FNDA:0,(anonymous_6)
FNDA:0,(anonymous_7)
FNDA:0,(anonymous_8)
FNDA:0,(anonymous_9)
FNDA:0,(anonymous_10)
FNDA:0,(anonymous_11)
FNDA:0,(anonymous_12)
FNDA:0,(anonymous_13)
FNDA:0,(anonymous_14)
FNDA:0,(anonymous_15)
DA:12,0
DA:25,0
DA:26,0
DA:27,0
DA:28,0
DA:30,0
DA:31,0
DA:33,0
DA:34,0
DA:35,0
DA:43,0
DA:54,0
DA:55,0
DA:56,0
DA:57,0
DA:62,0
DA:63,0
DA:64,0
DA:68,0
DA:69,0
DA:70,0
DA:72,0
DA:73,0
DA:74,0
DA:75,0
DA:76,0
DA:79,0
DA:82,0
DA:83,0
DA:84,0
DA:86,0
DA:89,0
DA:90,0
DA:91,0
DA:92,0
DA:95,0
LF:36
LH:0
BRDA:35,0,0,0
BRDA:35,0,1,0
BRDA:44,1,0,0
BRDA:44,1,1,0
BRDA:45,2,0,0
BRDA:45,2,1,0
BRDA:46,3,0,0
BRDA:46,3,1,0
BRDA:48,4,0,0
BRDA:48,4,1,0
BRDA:55,5,0,0
BRDA:55,5,1,0
BRDA:75,6,0,0
BRDA:75,6,1,0
BRDA:84,7,0,0
BRDA:84,7,1,0
BRDA:90,8,0,0
BRDA:90,8,1,0
BRDA:91,9,0,0
BRDA:91,9,1,0
BRDA:117,10,0,0
BRDA:117,10,1,0
BRF:22
BRH:0
end_of_record
TN:
SF:src\components\Shimmer.tsx
FN:22,(anonymous_0)
FN:33,(anonymous_1)
FN:70,(anonymous_2)
FNF:3
FNH:0
FNDA:0,(anonymous_0)
FNDA:0,(anonymous_1)
FNDA:0,(anonymous_2)
DA:4,0
DA:22,0
DA:30,0
DA:33,0
DA:34,0
DA:49,0
DA:50,0
DA:52,0
DA:67,0
DA:70,0
DA:71,0
DA:73,0
DA:83,0
DA:88,0
DA:93,0
DA:105,0
LF:16
LH:0
BRDA:23,0,0,0
BRDA:24,1,0,0
BRDA:25,2,0,0
BRDA:26,3,0,0
BRDA:27,4,0,0
BRDA:28,5,0,0
BRDA:53,6,0,0
BRDA:53,6,1,0
BRDA:56,7,0,0
BRDA:56,7,1,0
BRDA:61,8,0,0
BRDA:61,8,1,0
BRDA:62,9,0,0
BRDA:62,9,1,0
BRDA:71,10,0,0
BRDA:71,10,1,0
BRDA:71,10,2,0
BRDA:84,11,0,0
BRDA:84,11,1,0
BRDA:85,12,0,0
BRDA:85,12,1,0
BRDA:86,13,0,0
BRDA:86,13,1,0
BRDA:115,14,0,0
BRDA:115,14,1,0
BRF:25
BRH:0
end_of_record
TN:
SF:src\components\auth\LoginDialog.tsx
FN:56,(anonymous_0)
FN:102,(anonymous_1)
FN:130,(anonymous_2)
FN:150,(anonymous_3)
FN:171,(anonymous_4)
FN:220,(anonymous_5)
FN:246,(anonymous_6)
FN:256,(anonymous_7)
FN:294,(anonymous_8)
FN:309,(anonymous_9)
FN:470,(anonymous_10)
FN:476,(anonymous_11)
FN:559,(anonymous_12)
FN:560,(anonymous_13)
FN:611,(anonymous_14)
FN:635,(anonymous_15)
FN:663,(anonymous_16)
FN:690,(anonymous_17)
FN:696,(anonymous_18)
FN:706,(anonymous_19)
FN:779,(anonymous_20)
FN:824,(anonymous_21)
FN:826,(anonymous_22)
FN:843,(anonymous_23)
FN:849,(anonymous_24)
FN:914,(anonymous_25)
FNF:26
FNH:0
FNDA:0,(anonymous_0)
FNDA:0,(anonymous_1)
FNDA:0,(anonymous_2)
FNDA:0,(anonymous_3)
FNDA:0,(anonymous_4)
FNDA:0,(anonymous_5)
FNDA:0,(anonymous_6)
FNDA:0,(anonymous_7)
FNDA:0,(anonymous_8)
FNDA:0,(anonymous_9)
FNDA:0,(anonymous_10)
FNDA:0,(anonymous_11)
FNDA:0,(anonymous_12)
FNDA:0,(anonymous_13)
FNDA:0,(anonymous_14)
FNDA:0,(anonymous_15)
FNDA:0,(anonymous_16)
FNDA:0,(anonymous_17)
FNDA:0,(anonymous_18)
FNDA:0,(anonymous_19)
FNDA:0,(anonymous_20)
FNDA:0,(anonymous_21)
FNDA:0,(anonymous_22)
FNDA:0,(anonymous_23)
FNDA:0,(anonymous_24)
FNDA:0,(anonymous_25)
DA:56,0
DA:61,0
DA:62,0
DA:63,0
DA:66,0
DA:69,0
DA:70,0
DA:71,0
DA:72,0
DA:75,0
DA:76,0
DA:77,0
DA:78,0
DA:79,0
DA:80,0
DA:81,0
DA:82,0
DA:85,0
DA:86,0
DA:87,0
DA:88,0
DA:97,0
DA:99,0
DA:102,0
DA:103,0
DA:104,0
DA:105,0
DA:108,0
DA:109,0
DA:111,0
DA:112,0
DA:114,0
DA:115,0
DA:116,0
DA:117,0
DA:119,0
DA:122,0
DA:123,0
DA:125,0
DA:130,0
DA:131,0
DA:132,0
DA:134,0
DA:136,0
DA:137,0
DA:140,0
DA:143,0
DA:144,0
DA:145,0
DA:150,0
DA:151,0
DA:152,0
DA:153,0
DA:156,0
DA:157,0
DA:159,0
DA:160,0
DA:162,0
DA:164,0
DA:165,0
DA:166,0
DA:171,0
DA:172,0
DA:173,0
DA:174,0
DA:177,0
DA:178,0
DA:179,0
DA:182,0
DA:183,0
DA:184,0
DA:186,0
DA:189,0
DA:190,0
DA:193,0
DA:196,0
DA:201,0
DA:204,0
DA:210,0
DA:211,0
DA:213,0
DA:215,0
DA:220,0
DA:221,0
DA:222,0
DA:223,0
DA:226,0
DA:227,0
DA:228,0
DA:230,0
DA:231,0
DA:232,0
DA:236,0
DA:238,0
DA:239,0
DA:241,0
DA:246,0
DA:247,0
DA:248,0
DA:249,0
DA:250,0
DA:251,0
DA:252,0
DA:256,0
DA:257,0
DA:258,0
DA:259,0
DA:260,0
DA:265,0
DA:276,0
DA:285,0
DA:294,0
DA:296,0
DA:297,0
DA:309,0
DA:315,0
DA:316,0
DA:317,0
DA:344,0
DA:351,0
DA:359,0
DA:377,0
DA:395,0
DA:471,0
DA:472,0
DA:477,0
DA:559,0
DA:560,0
DA:612,0
DA:613,0
DA:614,0
DA:635,0
DA:664,0
DA:665,0
DA:691,0
DA:692,0
DA:693,0
DA:697,0
DA:698,0
DA:706,0
DA:780,0
DA:781,0
DA:782,0
DA:824,0
DA:826,0
DA:844,0
DA:845,0
DA:846,0
DA:850,0
DA:914,0
DA:920,0
DA:921,0
DA:922,0
DA:923,0
DA:925,0
LF:155
LH:0
BRDA:57,0,0,0
BRDA:58,1,0,0
BRDA:103,2,0,0
BRDA:103,2,1,0
BRDA:114,3,0,0
BRDA:114,3,1,0
BRDA:119,4,0,0
BRDA:119,4,1,0
BRDA:136,5,0,0
BRDA:136,5,1,0
BRDA:136,6,0,0
BRDA:136,6,1,0
BRDA:144,7,0,0
BRDA:144,7,1,0
BRDA:151,8,0,0
BRDA:151,8,1,0
BRDA:151,9,0,0
BRDA:151,9,1,0
BRDA:162,10,0,0
BRDA:162,10,1,0
BRDA:165,11,0,0
BRDA:165,11,1,0
BRDA:172,12,0,0
BRDA:172,12,1,0
BRDA:172,13,0,0
BRDA:172,13,1,0
BRDA:177,14,0,0
BRDA:177,14,1,0
BRDA:189,15,0,0
BRDA:189,15,1,0
BRDA:189,16,0,0
BRDA:189,16,1,0
BRDA:193,17,0,0
BRDA:193,17,1,0
BRDA:211,18,0,0
BRDA:211,18,1,0
BRDA:221,19,0,0
BRDA:221,19,1,0
BRDA:239,20,0,0
BRDA:239,20,1,0
BRDA:265,21,0,0
BRDA:265,21,1,0
BRDA:267,22,0,0
BRDA:267,22,1,0
BRDA:269,23,0,0
BRDA:269,23,1,0
BRDA:276,24,0,0
BRDA:276,24,1,0
BRDA:278,25,0,0
BRDA:278,25,1,0
BRDA:280,26,0,0
BRDA:280,26,1,0
BRDA:285,27,0,0
BRDA:285,27,1,0
BRDA:287,28,0,0
BRDA:287,28,1,0
BRDA:289,29,0,0
BRDA:289,29,1,0
BRDA:296,30,0,0
BRDA:296,30,1,0
BRDA:315,31,0,0
BRDA:315,31,1,0
BRDA:316,32,0,0
BRDA:316,32,1,0
BRDA:330,33,0,0
BRDA:330,33,1,0
BRDA:348,34,0,0
BRDA:348,34,1,0
BRDA:389,35,0,0
BRDA:389,35,1,0
BRDA:454,36,0,0
BRDA:454,36,1,0
BRDA:477,37,0,0
BRDA:477,37,1,0
BRDA:488,38,0,0
BRDA:488,38,1,0
BRDA:496,39,0,0
BRDA:496,39,1,0
BRDA:509,40,0,0
BRDA:509,40,1,0
BRDA:511,41,0,0
BRDA:511,41,1,0
BRDA:519,42,0,0
BRDA:519,42,1,0
BRDA:536,43,0,0
BRDA:536,43,1,0
BRDA:559,44,0,0
BRDA:559,44,1,0
BRDA:560,45,0,0
BRDA:560,45,1,0
BRDA:623,46,0,0
BRDA:623,46,1,0
BRDA:661,47,0,0
BRDA:661,47,1,0
BRDA:685,48,0,0
BRDA:685,48,1,0
BRDA:687,49,0,0
BRDA:687,49,1,0
BRDA:697,50,0,0
BRDA:697,50,1,0
BRDA:698,51,0,0
BRDA:698,51,1,0
BRDA:711,52,0,0
BRDA:711,52,1,0
BRDA:722,53,0,0
BRDA:722,53,1,0
BRDA:740,54,0,0
BRDA:740,54,1,0
BRDA:742,55,0,0
BRDA:742,55,1,0
BRDA:742,55,2,0
BRDA:744,56,0,0
BRDA:744,56,1,0
BRDA:752,57,0,0
BRDA:752,57,1,0
BRDA:753,58,0,0
BRDA:753,58,1,0
BRDA:756,59,0,0
BRDA:756,59,1,0
BRDA:774,60,0,0
BRDA:774,60,1,0
BRDA:780,61,0,0
BRDA:780,61,1,0
BRDA:796,62,0,0
BRDA:796,62,1,0
BRDA:803,63,0,0
BRDA:803,63,1,0
BRDA:824,64,0,0
BRDA:824,64,1,0
BRDA:825,65,0,0
BRDA:825,65,1,0
BRDA:850,66,0,0
BRDA:850,66,1,0
BRDA:861,67,0,0
BRDA:861,67,1,0
BRDA:863,68,0,0
BRDA:863,68,1,0
BRDA:871,69,0,0
BRDA:871,69,1,0
BRDA:917,70,0,0
BRDA:918,71,0,0
BRDA:923,72,0,0
BRDA:923,72,1,0
BRDA:935,73,0,0
BRDA:935,73,1,0
BRDA:936,74,0,0
BRDA:936,74,1,0
BRDA:941,75,0,0
BRDA:941,75,1,0
BRDA:942,76,0,0
BRDA:942,76,1,0
BRF:151
BRH:0
end_of_record
TN:
SF:src\components\auth\LoginPrompt.tsx
FN:20,(anonymous_0)
FNF:1
FNH:0
FNDA:0,(anonymous_0)
DA:20,0
DA:24,0
LF:2
LH:0
BRDA:21,0,0,0
BRDA:22,1,0,0
BRF:2
BRH:0
end_of_record
TN:
SF:src\components\auth\ProtectedRoute.tsx
FN:17,(anonymous_0)
FNF:1
FNH:0
FNDA:0,(anonymous_0)
DA:17,0
DA:22,0
DA:25,0
DA:26,0
DA:42,0
DA:43,0
DA:52,0
LF:7
LH:0
BRDA:25,0,0,0
BRDA:25,0,1,0
BRDA:42,1,0,0
BRDA:42,1,1,0
BRF:4
BRH:0
end_of_record
TN:
SF:src\components\auth\SupabaseAuthTest.tsx
FN:22,(anonymous_0)
FN:27,(anonymous_1)
FN:37,(anonymous_2)
FN:48,(anonymous_3)
FN:178,(anonymous_4)
FNF:5
FNH:0
FNDA:0,(anonymous_0)
FNDA:0,(anonymous_1)
FNDA:0,(anonymous_2)
FNDA:0,(anonymous_3)
FNDA:0,(anonymous_4)
DA:22,0
DA:23,0
DA:24,0
DA:25,0
DA:27,0
DA:28,0
DA:29,0
DA:30,0
DA:32,0
DA:33,0
DA:37,0
DA:38,0
DA:39,0
DA:40,0
DA:41,0
DA:43,0
DA:44,0
DA:48,0
DA:49,0
DA:50,0
DA:51,0
DA:52,0
DA:54,0
DA:55,0
DA:59,0
DA:178,0
DA:179,0
LF:27
LH:0
BRDA:33,0,0,0
BRDA:33,0,1,0
BRDA:44,1,0,0
BRDA:44,1,1,0
BRDA:55,2,0,0
BRDA:55,2,1,0
BRDA:65,3,0,0
BRDA:65,3,1,0
BRDA:80,4,0,0
BRDA:80,4,1,0
BRDA:83,5,0,0
BRDA:83,5,1,0
BRDA:87,6,0,0
BRDA:87,6,1,0
BRDA:99,7,0,0
BRDA:99,7,1,0
BRDA:104,8,0,0
BRDA:104,8,1,0
BRDA:119,9,0,0
BRDA:119,9,1,0
BRDA:152,10,0,0
BRDA:152,10,1,0
BRF:22
BRH:0
end_of_record
TN:
SF:src\components\common\AnimatedBackground.tsx
FN:12,(anonymous_0)
FNF:1
FNH:0
FNDA:0,(anonymous_0)
DA:12,0
DA:13,0
DA:14,0
DA:16,0
LF:4
LH:0
BRDA:27,0,0,0
BRDA:27,0,1,0
BRDA:28,1,0,0
BRDA:28,1,1,0
BRDA:42,2,0,0
BRDA:42,2,1,0
BRF:6
BRH:0
end_of_record
TN:
SF:src\components\common\AppHeader.tsx
FN:33,(anonymous_0)
FN:36,(anonymous_1)
FN:58,(anonymous_2)
FN:70,(anonymous_3)
FN:77,(anonymous_4)
FN:85,(anonymous_5)
FN:95,(anonymous_6)
FN:99,(anonymous_7)
FN:112,(anonymous_8)
FN:127,(anonymous_9)
FN:187,(anonymous_10)
FN:192,(anonymous_11)
FN:201,(anonymous_12)
FN:211,(anonymous_13)
FN:230,(anonymous_14)
FN:358,(anonymous_15)
FN:383,(anonymous_16)
FN:392,(anonymous_17)
FNF:18
FNH:0
FNDA:0,(anonymous_0)
FNDA:0,(anonymous_1)
FNDA:0,(anonymous_2)
FNDA:0,(anonymous_3)
FNDA:0,(anonymous_4)
FNDA:0,(anonymous_5)
FNDA:0,(anonymous_6)
FNDA:0,(anonymous_7)
FNDA:0,(anonymous_8)
FNDA:0,(anonymous_9)
FNDA:0,(anonymous_10)
FNDA:0,(anonymous_11)
FNDA:0,(anonymous_12)
FNDA:0,(anonymous_13)
FNDA:0,(anonymous_14)
FNDA:0,(anonymous_15)
FNDA:0,(anonymous_16)
FNDA:0,(anonymous_17)
DA:33,0
DA:36,0
DA:37,0
DA:53,0
DA:58,0
DA:59,0
DA:60,0
DA:61,0
DA:62,0
DA:64,0
DA:65,0
DA:66,0
DA:68,0
DA:70,0
DA:71,0
DA:72,0
DA:74,0
DA:77,0
DA:78,0
DA:79,0
DA:81,0
DA:85,0
DA:86,0
DA:87,0
DA:88,0
DA:89,0
DA:91,0
DA:95,0
DA:96,0
DA:99,0
DA:100,0
DA:103,0
DA:113,0
DA:127,0
DA:188,0
DA:189,0
DA:192,0
DA:202,0
DA:212,0
DA:230,0
DA:358,0
DA:383,0
DA:392,0
LF:43
LH:0
BRDA:71,0,0,0
BRDA:71,0,1,0
BRDA:72,1,0,0
BRDA:72,1,1,0
BRDA:78,2,0,0
BRDA:78,2,1,0
BRDA:78,3,0,0
BRDA:78,3,1,0
BRDA:113,4,0,0
BRDA:113,4,1,0
BRDA:127,5,0,0
BRDA:127,5,1,0
BRDA:174,6,0,0
BRDA:174,6,1,0
BRDA:180,7,0,0
BRDA:180,7,1,0
BRDA:198,8,0,0
BRDA:198,8,1,0
BRDA:199,9,0,0
BRDA:199,9,1,0
BRDA:200,10,0,0
BRDA:200,10,1,0
BRDA:204,11,0,0
BRDA:204,11,1,0
BRDA:210,12,0,0
BRDA:210,12,1,0
BRDA:214,13,0,0
BRDA:214,13,1,0
BRDA:228,14,0,0
BRDA:228,14,1,0
BRDA:263,15,0,0
BRDA:263,15,1,0
BRDA:272,16,0,0
BRDA:272,16,1,0
BRDA:274,17,0,0
BRDA:274,17,1,0
BRDA:280,18,0,0
BRDA:280,18,1,0
BRDA:288,19,0,0
BRDA:288,19,1,0
BRDA:291,20,0,0
BRDA:291,20,1,0
BRDA:307,21,0,0
BRDA:307,21,1,0
BRDA:330,22,0,0
BRDA:330,22,1,0
BRDA:380,23,0,0
BRDA:380,23,1,0
BRDA:388,24,0,0
BRDA:388,24,1,0
BRF:50
BRH:0
end_of_record
TN:
SF:src\components\common\BaseDialog.tsx
FN:40,(anonymous_0)
FNF:1
FNH:0
FNDA:0,(anonymous_0)
DA:40,0
DA:60,0
DA:61,0
DA:63,0
DA:65,0
LF:5
LH:0
BRDA:48,0,0,0
BRDA:49,1,0,0
BRDA:50,2,0,0
BRDA:51,3,0,0
BRDA:52,4,0,0
BRDA:54,5,0,0
BRDA:56,6,0,0
BRDA:57,7,0,0
BRDA:63,8,0,0
BRDA:63,8,1,0
BRDA:63,8,2,0
BRDA:82,9,0,0
BRDA:82,9,1,0
BRDA:84,10,0,0
BRDA:84,10,1,0
BRDA:93,11,0,0
BRDA:93,11,1,0
BRDA:94,12,0,0
BRDA:94,12,1,0
BRDA:109,13,0,0
BRDA:109,13,1,0
BRDA:134,14,0,0
BRDA:134,14,1,0
BRDA:136,15,0,0
BRDA:136,15,1,0
BRDA:136,15,2,0
BRDA:138,16,0,0
BRDA:138,16,1,0
BRDA:148,17,0,0
BRDA:148,17,1,0
BRDA:154,18,0,0
BRDA:154,18,1,0
BRF:32
BRH:0
end_of_record
TN:
SF:src\components\common\Breadcrumbs.tsx
FN:38,(anonymous_0)
FN:44,(anonymous_1)
FN:51,(anonymous_2)
FN:58,(anonymous_3)
FN:63,(anonymous_4)
FN:96,(anonymous_5)
FN:106,(anonymous_6)
FN:154,(anonymous_7)
FN:176,(anonymous_8)
FN:251,(anonymous_9)
FN:272,(anonymous_10)
FN:282,(anonymous_11)
FNF:12
FNH:0
FNDA:0,(anonymous_0)
FNDA:0,(anonymous_1)
FNDA:0,(anonymous_2)
FNDA:0,(anonymous_3)
FNDA:0,(anonymous_4)
FNDA:0,(anonymous_5)
FNDA:0,(anonymous_6)
FNDA:0,(anonymous_7)
FNDA:0,(anonymous_8)
FNDA:0,(anonymous_9)
FNDA:0,(anonymous_10)
FNDA:0,(anonymous_11)
DA:38,0
DA:39,0
DA:40,0
DA:41,0
DA:42,0
DA:44,0
DA:45,0
DA:46,0
DA:47,0
DA:51,0
DA:52,0
DA:53,0
DA:54,0
DA:55,0
DA:58,0
DA:59,0
DA:60,0
DA:63,0
DA:64,0
DA:65,0
DA:69,0
DA:70,0
DA:73,0
DA:75,0
DA:97,0
DA:98,0
DA:100,0
DA:101,0
DA:103,0
DA:106,0
DA:148,0
DA:154,0
DA:177,0
DA:252,0
DA:253,0
DA:254,0
DA:255,0
DA:273,0
DA:274,0
DA:275,0
DA:279,0
DA:282,0
LF:42
LH:0
BRDA:46,0,0,0
BRDA:46,0,1,0
BRDA:69,1,0,0
BRDA:69,1,1,0
BRDA:73,2,0,0
BRDA:73,2,1,0
BRDA:100,3,0,0
BRDA:100,3,1,0
BRDA:101,4,0,0
BRDA:101,4,1,0
BRDA:106,5,0,0
BRDA:106,5,1,0
BRDA:111,6,0,0
BRDA:111,6,1,0
BRDA:113,7,0,0
BRDA:113,7,1,0
BRDA:134,8,0,0
BRDA:134,8,1,0
BRDA:153,9,0,0
BRDA:153,9,1,0
BRDA:167,10,0,0
BRDA:167,10,1,0
BRDA:167,11,0,0
BRDA:167,11,1,0
BRDA:174,12,0,0
BRDA:174,12,1,0
BRDA:174,12,2,0
BRDA:177,13,0,0
BRDA:177,13,1,0
BRDA:190,14,0,0
BRDA:190,14,1,0
BRDA:200,15,0,0
BRDA:200,15,1,0
BRDA:200,15,2,0
BRDA:221,16,0,0
BRDA:221,16,1,0
BRDA:221,16,2,0
BRDA:233,17,0,0
BRDA:233,17,1,0
BRDA:247,18,0,0
BRDA:247,18,1,0
BRDA:266,19,0,0
BRDA:266,19,1,0
BRDA:274,20,0,0
BRDA:274,20,1,0
BRDA:275,21,0,0
BRDA:275,21,1,0
BRDA:276,22,0,0
BRDA:276,22,1,0
BRDA:300,23,0,0
BRDA:300,23,1,0
BRDA:310,24,0,0
BRDA:310,24,1,0
BRDA:310,24,2,0
BRDA:312,25,0,0
BRDA:312,25,1,0
BRDA:323,26,0,0
BRDA:323,26,1,0
BRDA:329,27,0,0
BRDA:329,27,1,0
BRF:60
BRH:0
end_of_record
TN:
SF:src\components\common\CalendarSelectorBar.tsx
FN:43,(anonymous_0)
FN:57,(anonymous_1)
FN:67,(anonymous_2)
FN:71,(anonymous_3)
FN:73,(anonymous_4)
FN:79,(anonymous_5)
FN:189,(anonymous_6)
FN:197,(anonymous_7)
FNF:8
FNH:0
FNDA:0,(anonymous_0)
FNDA:0,(anonymous_1)
FNDA:0,(anonymous_2)
FNDA:0,(anonymous_3)
FNDA:0,(anonymous_4)
FNDA:0,(anonymous_5)
FNDA:0,(anonymous_6)
FNDA:0,(anonymous_7)
DA:43,0
DA:44,0
DA:45,0
DA:46,0
DA:57,0
DA:63,0
DA:64,0
DA:65,0
DA:67,0
DA:68,0
DA:71,0
DA:73,0
DA:74,0
DA:75,0
DA:76,0
DA:79,0
DA:80,0
DA:81,0
DA:84,0
DA:190,0
DA:191,0
DA:192,0
DA:194,0
DA:197,0
LF:24
LH:0
BRDA:44,0,0,0
BRDA:44,0,1,0
BRDA:45,1,0,0
BRDA:45,1,1,0
BRDA:75,2,0,0
BRDA:75,2,1,0
BRDA:110,3,0,0
BRDA:110,3,1,0
BRDA:144,4,0,0
BRDA:144,4,1,0
BRDA:162,5,0,0
BRDA:162,5,1,0
BRDA:190,6,0,0
BRDA:190,6,1,0
BRDA:192,7,0,0
BRDA:192,7,1,0
BRDA:205,8,0,0
BRDA:205,8,1,0
BRDA:209,9,0,0
BRDA:209,9,1,0
BRDA:222,10,0,0
BRDA:222,10,1,0
BRDA:240,11,0,0
BRDA:240,11,1,0
BRDA:250,12,0,0
BRDA:250,12,1,0
BRDA:265,13,0,0
BRDA:265,13,1,0
BRDA:272,14,0,0
BRDA:272,14,1,0
BRDA:285,15,0,0
BRDA:285,15,1,0
BRDA:299,16,0,0
BRDA:299,16,1,0
BRF:34
BRH:0
end_of_record
TN:
SF:src\components\common\CardShell.tsx
FN:40,(anonymous_0)
FN:113,(anonymous_1)
FNF:2
FNH:0
FNDA:0,(anonymous_0)
FNDA:0,(anonymous_1)
DA:40,0
DA:41,0
DA:42,0
DA:113,0
DA:121,0
DA:122,0
LF:6
LH:0
BRDA:54,0,0,0
BRDA:54,0,1,0
BRDA:83,1,0,0
BRDA:83,1,1,0
BRDA:89,2,0,0
BRDA:89,2,1,0
BRDA:115,3,0,0
BRDA:124,4,0,0
BRDA:124,4,1,0
BRDA:125,5,0,0
BRDA:125,5,1,0
BRF:11
BRH:0
end_of_record
TN:
SF:src\components\common\CompareBar.tsx
FN:34,(anonymous_0)
FNF:1
FNH:0
FNDA:0,(anonymous_0)
DA:34,0
DA:42,0
DA:43,0
DA:46,0
LF:4
LH:0
BRDA:36,0,0,0
BRDA:37,1,0,0
BRDA:39,2,0,0
BRDA:43,3,0,0
BRDA:43,3,1,0
BRF:5
BRH:0
end_of_record
TN:
SF:src\components\common\ConfirmationDialog.tsx
FN:47,(anonymous_0)
FNF:1
FNH:0
FNDA:0,(anonymous_0)
DA:39,0
DA:47,0
DA:59,0
DA:62,0
DA:73,0
DA:75,0
DA:77,0
LF:7
LH:0
BRDA:51,0,0,0
BRDA:52,1,0,0
BRDA:55,2,0,0
BRDA:56,3,0,0
BRDA:62,4,0,0
BRDA:62,4,1,0
BRDA:109,5,0,0
BRDA:109,5,1,0
BRDA:134,6,0,0
BRDA:134,6,1,0
BRF:10
BRH:0
end_of_record
TN:
SF:src\components\common\DebugPanel.tsx
FN:28,(anonymous_0)
FN:32,(anonymous_1)
FN:38,(anonymous_2)
FN:48,(anonymous_3)
FN:54,(anonymous_4)
FN:60,(anonymous_5)
FN:66,(anonymous_6)
FN:71,(anonymous_7)
FNF:8
FNH:0
FNDA:0,(anonymous_0)
FNDA:0,(anonymous_1)
FNDA:0,(anonymous_2)
FNDA:0,(anonymous_3)
FNDA:0,(anonymous_4)
FNDA:0,(anonymous_5)
FNDA:0,(anonymous_6)
FNDA:0,(anonymous_7)
DA:28,0
DA:29,0
DA:30,0
DA:32,0
DA:33,0
DA:34,0
DA:38,0
DA:39,0
DA:40,0
DA:41,0
DA:43,0
DA:45,0
DA:48,0
DA:49,0
DA:50,0
DA:51,0
DA:54,0
DA:55,0
DA:56,0
DA:57,0
DA:60,0
DA:61,0
DA:62,0
DA:63,0
DA:66,0
DA:67,0
DA:68,0
DA:71,0
DA:72,0
DA:73,0
DA:74,0
DA:75,0
DA:76,0
DA:79,0
LF:34
LH:0
BRDA:33,0,0,0
BRDA:33,0,1,0
BRDA:40,1,0,0
BRDA:40,1,1,0
BRDA:101,2,0,0
BRDA:101,2,1,0
BRDA:102,3,0,0
BRDA:102,3,1,0
BRDA:140,4,0,0
BRDA:140,4,1,0
BRF:10
BRH:0
end_of_record
TN:
SF:src\components\common\EyebrowRow.tsx
FN:25,(anonymous_0)
FNF:1
FNH:0
FNDA:0,(anonymous_0)
DA:25,0
DA:26,0
LF:2
LH:0
BRDA:35,0,0,0
BRDA:35,0,1,0
BRDA:40,1,0,0
BRDA:40,1,1,0
BRF:4
BRH:0
end_of_record
TN:
SF:src\components\common\FormField.tsx
FN:23,(anonymous_0)
FN:53,(anonymous_1)
FN:70,(anonymous_2)
FN:93,AutocompleteInput
FN:102,(anonymous_4)
FN:127,(anonymous_5)
FN:146,(anonymous_6)
FN:166,(anonymous_7)
FNF:8
FNH:0
FNDA:0,(anonymous_0)
FNDA:0,(anonymous_1)
FNDA:0,(anonymous_2)
FNDA:0,AutocompleteInput
FNDA:0,(anonymous_4)
FNDA:0,(anonymous_5)
FNDA:0,(anonymous_6)
FNDA:0,(anonymous_7)
DA:23,0
DA:28,0
DA:53,0
DA:59,0
DA:71,0
DA:99,0
DA:103,0
DA:127,0
DA:128,0
DA:146,0
DA:147,0
DA:166,0
DA:171,0
LF:13
LH:0
BRDA:37,0,0,0
BRDA:37,0,1,0
BRDA:77,1,0,0
BRDA:77,1,1,0
BRDA:112,2,0,0
BRDA:112,2,1,0
BRDA:130,3,0,0
BRDA:130,3,1,0
BRDA:146,4,0,0
BRDA:168,5,0,0
BRDA:169,6,0,0
BRDA:174,7,0,0
BRDA:174,7,1,0
BRDA:174,8,0,0
BRDA:174,8,1,0
BRF:15
BRH:0
end_of_record
TN:
SF:src\components\common\HeaderCalendarSelector.tsx
FN:19,(anonymous_0)
FN:28,(anonymous_1)
FN:28,(anonymous_2)
FN:32,(anonymous_3)
FN:33,(anonymous_4)
FN:40,(anonymous_5)
FN:42,(anonymous_6)
FN:45,(anonymous_7)
FN:47,(anonymous_8)
FN:50,(anonymous_9)
FN:62,(anonymous_10)
FNF:11
FNH:0
FNDA:0,(anonymous_0)
FNDA:0,(anonymous_1)
FNDA:0,(anonymous_2)
FNDA:0,(anonymous_3)
FNDA:0,(anonymous_4)
FNDA:0,(anonymous_5)
FNDA:0,(anonymous_6)
FNDA:0,(anonymous_7)
FNDA:0,(anonymous_8)
FNDA:0,(anonymous_9)
FNDA:0,(anonymous_10)
DA:19,0
DA:20,0
DA:21,0
DA:22,0
DA:23,0
DA:24,0
DA:25,0
DA:27,0
DA:28,0
DA:32,0
DA:33,0
DA:34,0
DA:35,0
DA:37,0
DA:40,0
DA:41,0
DA:42,0
DA:44,0
DA:45,0
DA:46,0
DA:47,0
DA:49,0
DA:50,0
DA:60,0
DA:62,0
DA:63,0
DA:64,0
DA:68,0
DA:69,0
DA:73,0
LF:30
LH:0
BRDA:28,0,0,0
BRDA:28,0,1,0
BRDA:34,1,0,0
BRDA:34,1,1,0
BRDA:46,2,0,0
BRDA:46,2,1,0
BRDA:49,3,0,0
BRDA:49,3,1,0
BRDA:60,4,0,0
BRDA:60,4,1,0
BRDA:63,5,0,0
BRDA:63,5,1,0
BRDA:68,6,0,0
BRDA:68,6,1,0
BRF:14
BRH:0
end_of_record
TN:
SF:src\components\common\InfoStrip.tsx
FN:33,(anonymous_0)
FNF:1
FNH:0
FNDA:0,(anonymous_0)
DA:33,0
DA:39,0
DA:40,0
DA:42,0
DA:50,0
DA:54,0
DA:57,0
LF:7
LH:0
BRDA:34,0,0,0
BRDA:42,1,0,0
BRDA:42,1,1,0
BRDA:44,2,0,0
BRDA:44,2,1,0
BRDA:46,3,0,0
BRDA:46,3,1,0
BRDA:50,4,0,0
BRDA:50,4,1,0
BRDA:54,5,0,0
BRDA:54,5,1,0
BRDA:71,6,0,0
BRDA:71,6,1,0
BRDA:73,7,0,0
BRDA:73,7,1,0
BRF:15
BRH:0
end_of_record
TN:
SF:src\components\common\PageActionBar.tsx
FN:18,(anonymous_0)
FNF:1
FNH:0
FNDA:0,(anonymous_0)
DA:18,0
DA:19,0
LF:2
LH:0
BRDA:33,0,0,0
BRDA:33,0,1,0
BRF:2
BRH:0
end_of_record
TN:
SF:src\components\common\PnlValue.tsx
FN:47,(anonymous_0)
FNF:1
FNH:0
FNDA:0,(anonymous_0)
DA:41,0
DA:47,0
DA:56,0
DA:57,0
DA:58,0
DA:60,0
DA:66,0
DA:67,0
DA:68,0
DA:69,0
LF:10
LH:0
BRDA:50,0,0,0
BRDA:52,1,0,0
BRDA:53,2,0,0
BRDA:60,3,0,0
BRDA:60,3,1,0
BRDA:61,4,0,0
BRDA:61,4,1,0
BRDA:63,5,0,0
BRDA:63,5,1,0
BRDA:66,6,0,0
BRDA:66,6,1,0
BRDA:66,7,0,0
BRDA:66,7,1,0
BRDA:67,8,0,0
BRDA:67,8,1,0
BRDA:67,9,0,0
BRDA:67,9,1,0
BRDA:78,10,0,0
BRDA:78,10,1,0
BRDA:85,11,0,0
BRDA:85,11,1,0
BRF:21
BRH:0
end_of_record
TN:
SF:src\components\common\RichTextEditor.tsx
FN:207,(anonymous_0)
FN:254,(anonymous_1)
FN:262,(anonymous_2)
FN:310,(anonymous_3)
FN:324,(anonymous_4)
FN:329,(anonymous_5)
FN:357,(anonymous_6)
FN:366,(anonymous_7)
FN:369,(anonymous_8)
FN:375,(anonymous_9)
FN:385,(anonymous_10)
FN:396,(anonymous_11)
FN:401,(anonymous_12)
FN:416,(anonymous_13)
FN:429,(anonymous_14)
FN:451,(anonymous_15)
FN:465,(anonymous_16)
FN:469,(anonymous_17)
FN:475,(anonymous_18)
FN:559,(anonymous_19)
FN:564,(anonymous_20)
FN:570,(anonymous_21)
FN:575,(anonymous_22)
FN:584,(anonymous_23)
FN:589,(anonymous_24)
FN:598,(anonymous_25)
FN:606,(anonymous_26)
FN:609,(anonymous_27)
FN:613,(anonymous_28)
FN:621,(anonymous_29)
FN:632,(anonymous_30)
FN:648,(anonymous_31)
FN:661,(anonymous_32)
FN:664,(anonymous_33)
FN:669,(anonymous_34)
FN:669,(anonymous_35)
FN:678,(anonymous_36)
FN:705,(anonymous_37)
FN:745,(anonymous_38)
FN:749,(anonymous_39)
FN:752,(anonymous_40)
FN:757,(anonymous_41)
FN:760,(anonymous_42)
FN:777,(anonymous_43)
FN:778,(anonymous_44)
FN:789,(anonymous_45)
FN:792,(anonymous_46)
FN:800,(anonymous_47)
FN:804,(anonymous_48)
FN:835,(anonymous_49)
FN:843,(anonymous_50)
FN:847,(anonymous_51)
FN:855,(anonymous_52)
FN:860,(anonymous_53)
FN:894,(anonymous_54)
FN:899,(anonymous_55)
FN:919,(anonymous_56)
FN:944,(anonymous_57)
FN:948,(anonymous_58)
FN:951,(anonymous_59)
FN:957,(anonymous_60)
FN:987,(anonymous_61)
FN:1005,(anonymous_62)
FN:1031,(anonymous_63)
FN:1043,(anonymous_64)
FN:1244,(anonymous_65)
FN:1257,(anonymous_66)
FN:1337,(anonymous_67)
FN:1351,(anonymous_68)
FN:1412,(anonymous_69)
FN:1414,(anonymous_70)
FN:1438,(anonymous_71)
FN:1440,(anonymous_72)
FN:1455,(anonymous_73)
FN:1492,(anonymous_74)
FN:1504,(anonymous_75)
FNF:76
FNH:0
FNDA:0,(anonymous_0)
FNDA:0,(anonymous_1)
FNDA:0,(anonymous_2)
FNDA:0,(anonymous_3)
FNDA:0,(anonymous_4)
FNDA:0,(anonymous_5)
FNDA:0,(anonymous_6)
FNDA:0,(anonymous_7)
FNDA:0,(anonymous_8)
FNDA:0,(anonymous_9)
FNDA:0,(anonymous_10)
FNDA:0,(anonymous_11)
FNDA:0,(anonymous_12)
FNDA:0,(anonymous_13)
FNDA:0,(anonymous_14)
FNDA:0,(anonymous_15)
FNDA:0,(anonymous_16)
FNDA:0,(anonymous_17)
FNDA:0,(anonymous_18)
FNDA:0,(anonymous_19)
FNDA:0,(anonymous_20)
FNDA:0,(anonymous_21)
FNDA:0,(anonymous_22)
FNDA:0,(anonymous_23)
FNDA:0,(anonymous_24)
FNDA:0,(anonymous_25)
FNDA:0,(anonymous_26)
FNDA:0,(anonymous_27)
FNDA:0,(anonymous_28)
FNDA:0,(anonymous_29)
FNDA:0,(anonymous_30)
FNDA:0,(anonymous_31)
FNDA:0,(anonymous_32)
FNDA:0,(anonymous_33)
FNDA:0,(anonymous_34)
FNDA:0,(anonymous_35)
FNDA:0,(anonymous_36)
FNDA:0,(anonymous_37)
FNDA:0,(anonymous_38)
FNDA:0,(anonymous_39)
FNDA:0,(anonymous_40)
FNDA:0,(anonymous_41)
FNDA:0,(anonymous_42)
FNDA:0,(anonymous_43)
FNDA:0,(anonymous_44)
FNDA:0,(anonymous_45)
FNDA:0,(anonymous_46)
FNDA:0,(anonymous_47)
FNDA:0,(anonymous_48)
FNDA:0,(anonymous_49)
FNDA:0,(anonymous_50)
FNDA:0,(anonymous_51)
FNDA:0,(anonymous_52)
FNDA:0,(anonymous_53)
FNDA:0,(anonymous_54)
FNDA:0,(anonymous_55)
FNDA:0,(anonymous_56)
FNDA:0,(anonymous_57)
FNDA:0,(anonymous_58)
FNDA:0,(anonymous_59)
FNDA:0,(anonymous_60)
FNDA:0,(anonymous_61)
FNDA:0,(anonymous_62)
FNDA:0,(anonymous_63)
FNDA:0,(anonymous_64)
FNDA:0,(anonymous_65)
FNDA:0,(anonymous_66)
FNDA:0,(anonymous_67)
FNDA:0,(anonymous_68)
FNDA:0,(anonymous_69)
FNDA:0,(anonymous_70)
FNDA:0,(anonymous_71)
FNDA:0,(anonymous_72)
FNDA:0,(anonymous_73)
FNDA:0,(anonymous_74)
FNDA:0,(anonymous_75)
DA:207,0
DA:236,0
DA:237,0
DA:238,0
DA:241,0
DA:242,0
DA:243,0
DA:244,0
DA:245,0
DA:250,0
DA:253,0
DA:254,0
DA:262,0
DA:263,0
DA:264,0
DA:266,0
DA:267,0
DA:268,0
DA:269,0
DA:270,0
DA:273,0
DA:274,0
DA:275,0
DA:276,0
DA:277,0
DA:278,0
DA:281,0
DA:282,0
DA:284,0
DA:285,0
DA:287,0
DA:290,0
DA:291,0
DA:293,0
DA:294,0
DA:296,0
DA:310,0
DA:311,0
DA:312,0
DA:313,0
DA:314,0
DA:316,0
DA:317,0
DA:324,0
DA:325,0
DA:326,0
DA:327,0
DA:329,0
DA:330,0
DA:332,0
DA:348,0
DA:357,0
DA:358,0
DA:359,0
DA:366,0
DA:367,0
DA:368,0
DA:369,0
DA:375,0
DA:376,0
DA:377,0
DA:378,0
DA:379,0
DA:380,0
DA:385,0
DA:386,0
DA:389,0
DA:390,0
DA:391,0
DA:392,0
DA:393,0
DA:394,0
DA:396,0
DA:400,0
DA:402,0
DA:409,0
DA:410,0
DA:411,0
DA:412,0
DA:413,0
DA:414,0
DA:416,0
DA:428,0
DA:435,0
DA:444,0
DA:445,0
DA:446,0
DA:447,0
DA:448,0
DA:449,0
DA:451,0
DA:464,0
DA:466,0
DA:467,0
DA:468,0
DA:469,0
DA:475,0
DA:476,0
DA:477,0
DA:480,0
DA:481,0
DA:484,0
DA:487,0
DA:489,0
DA:490,0
DA:491,0
DA:492,0
DA:493,0
DA:494,0
DA:495,0
DA:496,0
DA:498,0
DA:499,0
DA:500,0
DA:501,0
DA:507,0
DA:508,0
DA:509,0
DA:510,0
DA:511,0
DA:512,0
DA:513,0
DA:514,0
DA:515,0
DA:516,0
DA:517,0
DA:518,0
DA:519,0
DA:520,0
DA:525,0
DA:526,0
DA:527,0
DA:528,0
DA:529,0
DA:530,0
DA:531,0
DA:532,0
DA:533,0
DA:534,0
DA:535,0
DA:536,0
DA:537,0
DA:543,0
DA:545,0
DA:550,0
DA:551,0
DA:552,0
DA:553,0
DA:559,0
DA:560,0
DA:561,0
DA:564,0
DA:565,0
DA:566,0
DA:570,0
DA:571,0
DA:579,0
DA:580,0
DA:584,0
DA:585,0
DA:593,0
DA:594,0
DA:598,0
DA:599,0
DA:600,0
DA:606,0
DA:607,0
DA:608,0
DA:609,0
DA:613,0
DA:614,0
DA:615,0
DA:616,0
DA:621,0
DA:622,0
DA:632,0
DA:633,0
DA:635,0
DA:636,0
DA:638,0
DA:648,0
DA:649,0
DA:650,0
DA:661,0
DA:662,0
DA:663,0
DA:664,0
DA:668,0
DA:669,0
DA:670,0
DA:677,0
DA:682,0
DA:683,0
DA:684,0
DA:685,0
DA:686,0
DA:687,0
DA:690,0
DA:691,0
DA:693,0
DA:694,0
DA:695,0
DA:702,0
DA:704,0
DA:705,0
DA:706,0
DA:710,0
DA:711,0
DA:712,0
DA:713,0
DA:714,0
DA:718,0
DA:721,0
DA:722,0
DA:723,0
DA:726,0
DA:728,0
DA:744,0
DA:746,0
DA:747,0
DA:748,0
DA:749,0
DA:750,0
DA:752,0
DA:753,0
DA:755,0
DA:756,0
DA:757,0
DA:758,0
DA:760,0
DA:761,0
DA:763,0
DA:764,0
DA:765,0
DA:766,0
DA:767,0
DA:768,0
DA:769,0
DA:776,0
DA:778,0
DA:779,0
DA:783,0
DA:785,0
DA:788,0
DA:789,0
DA:790,0
DA:791,0
DA:792,0
DA:794,0
DA:796,0
DA:799,0
DA:800,0
DA:802,0
DA:803,0
DA:804,0
DA:806,0
DA:808,0
DA:809,0
DA:810,0
DA:811,0
DA:812,0
DA:815,0
DA:816,0
DA:817,0
DA:818,0
DA:834,0
DA:836,0
DA:837,0
DA:839,0
DA:842,0
DA:843,0
DA:845,0
DA:846,0
DA:847,0
DA:849,0
DA:851,0
DA:854,0
DA:855,0
DA:857,0
DA:859,0
DA:860,0
DA:862,0
DA:864,0
DA:865,0
DA:866,0
DA:867,0
DA:868,0
DA:871,0
DA:873,0
DA:874,0
DA:875,0
DA:894,0
DA:895,0
DA:899,0
DA:920,0
DA:944,0
DA:945,0
DA:946,0
DA:947,0
DA:948,0
DA:951,0
DA:952,0
DA:953,0
DA:957,0
DA:958,0
DA:959,0
DA:960,0
DA:961,0
DA:962,0
DA:963,0
DA:964,0
DA:975,0
DA:979,0
DA:987,0
DA:991,0
DA:992,0
DA:995,0
DA:996,0
DA:999,0
DA:1000,0
DA:1002,0
DA:1005,0
DA:1010,0
DA:1011,0
DA:1012,0
DA:1013,0
DA:1016,0
DA:1017,0
DA:1018,0
DA:1022,0
DA:1023,0
DA:1024,0
DA:1027,0
DA:1031,0
DA:1032,0
DA:1037,0
DA:1039,0
DA:1043,0
DA:1048,0
DA:1245,0
DA:1246,0
DA:1247,0
DA:1248,0
DA:1250,0
DA:1258,0
DA:1260,0
DA:1263,0
DA:1264,0
DA:1267,0
DA:1268,0
DA:1271,0
DA:1272,0
DA:1275,0
DA:1276,0
DA:1279,0
DA:1280,0
DA:1283,0
DA:1349,0
DA:1350,0
DA:1351,0
DA:1352,0
DA:1412,0
DA:1415,0
DA:1416,0
DA:1417,0
DA:1438,0
DA:1441,0
DA:1442,0
DA:1443,0
DA:1456,0
DA:1457,0
DA:1458,0
DA:1459,0
DA:1492,0
DA:1505,0
DA:1506,0
DA:1507,0
DA:1509,0
DA:1528,0
LF:379
LH:0
BRDA:210,0,0,0
BRDA:213,1,0,0
BRDA:214,2,0,0
BRDA:215,3,0,0
BRDA:216,4,0,0
BRDA:218,5,0,0
BRDA:219,6,0,0
BRDA:223,7,0,0
BRDA:311,8,0,0
BRDA:311,8,1,0
BRDA:313,9,0,0
BRDA:313,9,1,0
BRDA:314,10,0,0
BRDA:314,10,1,0
BRDA:325,11,0,0
BRDA:325,11,1,0
BRDA:325,12,0,0
BRDA:325,12,1,0
BRDA:327,13,0,0
BRDA:327,13,1,0
BRDA:358,14,0,0
BRDA:358,14,1,0
BRDA:358,15,0,0
BRDA:358,15,1,0
BRDA:367,16,0,0
BRDA:367,16,1,0
BRDA:367,17,0,0
BRDA:367,17,1,0
BRDA:377,18,0,0
BRDA:377,18,1,0
BRDA:480,19,0,0
BRDA:480,19,1,0
BRDA:480,20,0,0
BRDA:480,20,1,0
BRDA:487,21,0,0
BRDA:487,21,1,0
BRDA:487,22,0,0
BRDA:487,22,1,0
BRDA:487,22,2,0
BRDA:490,23,0,0
BRDA:490,23,1,0
BRDA:498,24,0,0
BRDA:498,24,1,0
BRDA:507,25,0,0
BRDA:507,25,1,0
BRDA:507,26,0,0
BRDA:507,26,1,0
BRDA:507,26,2,0
BRDA:509,27,0,0
BRDA:509,27,1,0
BRDA:517,28,0,0
BRDA:517,28,1,0
BRDA:525,29,0,0
BRDA:525,29,1,0
BRDA:525,30,0,0
BRDA:525,30,1,0
BRDA:525,30,2,0
BRDA:527,31,0,0
BRDA:527,31,1,0
BRDA:534,32,0,0
BRDA:534,32,1,0
BRDA:545,33,0,0
BRDA:545,33,1,0
BRDA:550,34,0,0
BRDA:550,34,1,0
BRDA:615,35,0,0
BRDA:615,35,1,0
BRDA:633,36,0,0
BRDA:633,36,1,0
BRDA:669,37,0,0
BRDA:669,37,1,0
BRDA:682,38,0,0
BRDA:682,38,1,0
BRDA:682,39,0,0
BRDA:682,39,1,0
BRDA:682,39,2,0
BRDA:684,40,0,0
BRDA:684,40,1,0
BRDA:690,41,0,0
BRDA:690,41,1,0
BRDA:690,42,0,0
BRDA:690,42,1,0
BRDA:694,43,0,0
BRDA:694,43,1,0
BRDA:698,44,0,0
BRDA:698,44,1,0
BRDA:699,45,0,0
BRDA:699,45,1,0
BRDA:704,46,0,0
BRDA:704,46,1,0
BRDA:705,47,0,0
BRDA:705,47,1,0
BRDA:710,48,0,0
BRDA:710,48,1,0
BRDA:713,49,0,0
BRDA:713,49,1,0
BRDA:721,50,0,0
BRDA:721,50,1,0
BRDA:721,51,0,0
BRDA:721,51,1,0
BRDA:746,52,0,0
BRDA:746,52,1,0
BRDA:746,53,0,0
BRDA:746,53,1,0
BRDA:747,54,0,0
BRDA:747,54,1,0
BRDA:747,55,0,0
BRDA:747,55,1,0
BRDA:755,56,0,0
BRDA:755,56,1,0
BRDA:755,57,0,0
BRDA:755,57,1,0
BRDA:763,58,0,0
BRDA:763,58,1,0
BRDA:767,59,0,0
BRDA:767,59,1,0
BRDA:778,60,0,0
BRDA:778,60,1,0
BRDA:783,61,0,0
BRDA:783,61,1,0
BRDA:783,62,0,0
BRDA:783,62,1,0
BRDA:785,63,0,0
BRDA:785,63,1,0
BRDA:786,64,0,0
BRDA:786,64,1,0
BRDA:796,65,0,0
BRDA:796,65,1,0
BRDA:797,66,0,0
BRDA:797,66,1,0
BRDA:808,67,0,0
BRDA:808,67,1,0
BRDA:812,68,0,0
BRDA:812,68,1,0
BRDA:813,69,0,0
BRDA:813,69,1,0
BRDA:817,70,0,0
BRDA:817,70,1,0
BRDA:836,71,0,0
BRDA:836,71,1,0
BRDA:836,72,0,0
BRDA:836,72,1,0
BRDA:839,73,0,0
BRDA:839,73,1,0
BRDA:840,74,0,0
BRDA:840,74,1,0
BRDA:851,75,0,0
BRDA:851,75,1,0
BRDA:852,76,0,0
BRDA:852,76,1,0
BRDA:864,77,0,0
BRDA:864,77,1,0
BRDA:868,78,0,0
BRDA:868,78,1,0
BRDA:869,79,0,0
BRDA:869,79,1,0
BRDA:874,80,0,0
BRDA:874,80,1,0
BRDA:878,81,0,0
BRDA:878,81,1,0
BRDA:879,82,0,0
BRDA:879,82,1,0
BRDA:919,83,0,0
BRDA:919,83,1,0
BRDA:958,84,0,0
BRDA:958,84,1,0
BRDA:961,85,0,0
BRDA:961,85,1,0
BRDA:963,86,0,0
BRDA:963,86,1,0
BRDA:991,87,0,0
BRDA:991,87,1,0
BRDA:996,88,0,0
BRDA:996,88,1,0
BRDA:999,89,0,0
BRDA:999,89,1,0
BRDA:1010,90,0,0
BRDA:1010,90,1,0
BRDA:1013,91,0,0
BRDA:1013,91,1,0
BRDA:1017,92,0,0
BRDA:1017,92,1,0
BRDA:1018,93,0,0
BRDA:1018,93,1,0
BRDA:1032,94,0,0
BRDA:1032,94,1,0
BRDA:1033,95,0,0
BRDA:1033,95,1,0
BRDA:1033,95,2,0
BRDA:1050,96,0,0
BRDA:1050,96,1,0
BRDA:1071,97,0,0
BRDA:1071,97,1,0
BRDA:1071,97,2,0
BRDA:1117,98,0,0
BRDA:1117,98,1,0
BRDA:1247,99,0,0
BRDA:1247,99,1,0
BRDA:1247,100,0,0
BRDA:1247,100,1,0
BRDA:1247,100,2,0
BRDA:1258,101,0,0
BRDA:1258,101,1,0
BRDA:1258,102,0,0
BRDA:1258,102,1,0
BRDA:1260,103,0,0
BRDA:1260,103,1,0
BRDA:1267,104,0,0
BRDA:1267,104,1,0
BRDA:1268,105,0,0
BRDA:1268,105,1,0
BRDA:1275,106,0,0
BRDA:1275,106,1,0
BRDA:1276,107,0,0
BRDA:1276,107,1,0
BRDA:1291,108,0,0
BRDA:1291,108,1,0
BRDA:1291,108,2,0
BRDA:1291,108,3,0
BRDA:1313,109,0,0
BRDA:1313,109,1,0
BRDA:1313,109,2,0
BRDA:1367,110,0,0
BRDA:1367,110,1,0
BRDA:1375,111,0,0
BRDA:1375,111,1,0
BRDA:1415,112,0,0
BRDA:1415,112,1,0
BRDA:1415,113,0,0
BRDA:1415,113,1,0
BRDA:1441,114,0,0
BRDA:1441,114,1,0
BRDA:1441,115,0,0
BRDA:1441,115,1,0
BRDA:1453,116,0,0
BRDA:1453,116,1,0
BRDA:1478,117,0,0
BRDA:1478,117,1,0
BRDA:1481,118,0,0
BRDA:1481,118,1,0
BRDA:1497,119,0,0
BRDA:1497,119,1,0
BRDA:1497,119,2,0
BRDA:1499,120,0,0
BRDA:1499,120,1,0
BRDA:1504,121,0,0
BRDA:1504,121,1,0
BRDA:1506,122,0,0
BRDA:1506,122,1,0
BRDA:1507,123,0,0
BRDA:1507,123,1,0
BRDA:1514,124,0,0
BRDA:1514,124,1,0
BRDA:1514,125,0,0
BRDA:1514,125,1,0
BRDA:1517,126,0,0
BRDA:1517,126,1,0
BRF:257
BRH:0
end_of_record
TN:
SF:src\components\common\RoundedTabs.tsx
FN:32,(anonymous_0)
FN:79,(anonymous_1)
FN:119,(anonymous_2)
FN:177,(anonymous_3)
FNF:4
FNH:0
FNDA:0,(anonymous_0)
FNDA:0,(anonymous_1)
FNDA:0,(anonymous_2)
FNDA:0,(anonymous_3)
DA:32,0
DA:39,0
DA:40,0
DA:79,0
DA:89,0
DA:92,0
DA:116,0
DA:119,0
DA:120,0
DA:121,0
DA:139,0
DA:158,0
DA:178,0
DA:179,0
DA:180,0
DA:215,0
LF:16
LH:0
BRDA:36,0,0,0
BRDA:47,1,0,0
BRDA:47,1,1,0
BRDA:47,2,0,0
BRDA:47,2,1,0
BRDA:53,3,0,0
BRDA:53,3,1,0
BRDA:56,4,0,0
BRDA:56,4,1,0
BRDA:84,5,0,0
BRDA:85,6,0,0
BRDA:86,7,0,0
BRDA:87,8,0,0
BRDA:120,9,0,0
BRDA:120,9,1,0
BRDA:140,10,0,0
BRDA:140,10,1,0
BRDA:143,11,0,0
BRDA:143,11,1,0
BRDA:163,12,0,0
BRDA:163,12,1,0
BRDA:179,13,0,0
BRDA:179,13,1,0
BRDA:179,14,0,0
BRDA:179,14,1,0
BRDA:180,15,0,0
BRDA:180,15,1,0
BRDA:208,16,0,0
BRDA:208,16,1,0
BRDA:208,17,0,0
BRDA:208,17,1,0
BRDA:232,18,0,0
BRDA:232,18,1,0
BRF:33
BRH:0
end_of_record
TN:
SF:src\components\common\StatTile.tsx
FN:42,(anonymous_0)
FNF:1
FNH:0
FNDA:0,(anonymous_0)
DA:36,0
DA:42,0
DA:51,0
DA:52,0
LF:4
LH:0
BRDA:49,0,0,0
BRDA:71,1,0,0
BRDA:71,1,1,0
BRDA:85,2,0,0
BRDA:85,2,1,0
BRDA:98,3,0,0
BRDA:98,3,1,0
BRF:7
BRH:0
end_of_record
TN:
SF:src\components\common\TagsDisplay.tsx
FN:23,(anonymous_0)
FN:32,(anonymous_1)
FN:36,(anonymous_2)
FN:46,(anonymous_3)
FN:51,(anonymous_4)
FN:74,(anonymous_5)
FN:80,(anonymous_6)
FN:85,(anonymous_7)
FN:86,(anonymous_8)
FN:104,(anonymous_9)
FN:109,(anonymous_10)
FN:110,(anonymous_11)
FN:120,(anonymous_12)
FN:125,(anonymous_13)
FN:126,(anonymous_14)
FNF:15
FNH:0
FNDA:0,(anonymous_0)
FNDA:0,(anonymous_1)
FNDA:0,(anonymous_2)
FNDA:0,(anonymous_3)
FNDA:0,(anonymous_4)
FNDA:0,(anonymous_5)
FNDA:0,(anonymous_6)
FNDA:0,(anonymous_7)
FNDA:0,(anonymous_8)
FNDA:0,(anonymous_9)
FNDA:0,(anonymous_10)
FNDA:0,(anonymous_11)
FNDA:0,(anonymous_12)
FNDA:0,(anonymous_13)
FNDA:0,(anonymous_14)
DA:23,0
DA:32,0
DA:33,0
DA:36,0
DA:37,0
DA:39,0
DA:40,0
DA:43,0
DA:46,0
DA:47,0
DA:51,0
DA:52,0
DA:53,0
DA:57,0
DA:60,0
DA:61,0
DA:64,0
DA:75,0
DA:81,0
DA:85,0
DA:86,0
DA:105,0
DA:109,0
DA:110,0
DA:121,0
DA:125,0
DA:126,0
LF:27
LH:0
BRDA:27,0,0,0
BRDA:28,1,0,0
BRDA:37,2,0,0
BRDA:37,2,1,0
BRDA:37,3,0,0
BRDA:37,3,1,0
BRDA:47,4,0,0
BRDA:47,4,1,0
BRDA:52,5,0,0
BRDA:52,5,1,0
BRDA:60,6,0,0
BRDA:60,6,1,0
BRDA:60,7,0,0
BRDA:60,7,1,0
BRDA:70,8,0,0
BRDA:70,8,1,0
BRDA:72,9,0,0
BRDA:72,9,1,0
BRDA:72,9,2,0
BRDA:85,10,0,0
BRDA:85,10,1,0
BRDA:86,11,0,0
BRDA:86,11,1,0
BRDA:96,12,0,0
BRDA:96,12,1,0
BRDA:98,13,0,0
BRDA:98,13,1,0
BRDA:98,13,2,0
BRDA:109,14,0,0
BRDA:109,14,1,0
BRDA:110,15,0,0
BRDA:110,15,1,0
BRDA:118,16,0,0
BRDA:118,16,1,0
BRDA:125,17,0,0
BRDA:125,17,1,0
BRDA:126,18,0,0
BRDA:126,18,1,0
BRF:38
BRH:0
end_of_record
TN:
SF:src\components\common\UnifiedDrawer.tsx
FN:44,(anonymous_0)
FNF:1
FNH:0
FNDA:0,(anonymous_0)
DA:44,0
DA:62,0
DA:64,0
DA:71,0
DA:79,0
LF:5
LH:0
BRDA:47,0,0,0
BRDA:48,1,0,0
BRDA:54,2,0,0
BRDA:55,3,0,0
BRDA:56,4,0,0
BRDA:57,5,0,0
BRDA:66,6,0,0
BRDA:66,6,1,0
BRDA:67,7,0,0
BRDA:67,7,1,0
BRDA:100,8,0,0
BRDA:100,8,1,0
BRDA:109,9,0,0
BRDA:109,9,1,0
BRDA:109,10,0,0
BRDA:109,10,1,0
BRDA:116,11,0,0
BRDA:116,11,1,0
BRDA:133,12,0,0
BRDA:133,12,1,0
BRDA:137,13,0,0
BRDA:137,13,1,0
BRF:22
BRH:0
end_of_record
TN:
SF:src\components\common\RichTextEditor\RichTextViewer.tsx
FN:29,(anonymous_0)
FN:38,(anonymous_1)
FN:43,(anonymous_2)
FN:49,(anonymous_3)
FN:52,(anonymous_4)
FN:64,(anonymous_5)
FN:184,(anonymous_6)
FN:195,(anonymous_7)
FNF:8
FNH:0
FNDA:0,(anonymous_0)
FNDA:0,(anonymous_1)
FNDA:0,(anonymous_2)
FNDA:0,(anonymous_3)
FNDA:0,(anonymous_4)
FNDA:0,(anonymous_5)
FNDA:0,(anonymous_6)
FNDA:0,(anonymous_7)
DA:29,0
DA:34,0
DA:37,0
DA:38,0
DA:43,0
DA:44,0
DA:45,0
DA:49,0
DA:52,0
DA:53,0
DA:54,0
DA:59,0
DA:64,0
DA:65,0
DA:66,0
DA:67,0
DA:68,0
DA:70,0
DA:73,0
DA:195,0
DA:199,0
DA:200,0
DA:201,0
DA:203,0
DA:204,0
DA:219,0
LF:26
LH:0
BRDA:31,0,0,0
BRDA:53,1,0,0
BRDA:53,1,1,0
BRDA:67,2,0,0
BRDA:67,2,1,0
BRDA:67,3,0,0
BRDA:67,3,1,0
BRDA:67,3,2,0
BRDA:203,4,0,0
BRDA:203,4,1,0
BRDA:208,5,0,0
BRDA:208,5,1,0
BRF:12
BRH:0
end_of_record
TN:
SF:src\components\common\RichTextEditor\components\EditorToolbar.tsx
FN:87,(anonymous_0)
FN:164,(anonymous_1)
FN:174,(anonymous_2)
FN:185,(anonymous_3)
FN:186,(anonymous_4)
FN:195,(anonymous_5)
FN:196,(anonymous_6)
FN:205,(anonymous_7)
FN:212,(anonymous_8)
FN:217,(anonymous_9)
FN:222,(anonymous_10)
FN:232,(anonymous_11)
FN:237,(anonymous_12)
FN:246,(anonymous_13)
FN:298,(anonymous_14)
FN:302,(anonymous_15)
FN:325,(anonymous_16)
FN:329,(anonymous_17)
FN:372,(anonymous_18)
FN:376,(anonymous_19)
FN:420,(anonymous_20)
FN:424,(anonymous_21)
FN:453,(anonymous_22)
FN:488,(anonymous_23)
FN:491,(anonymous_24)
FN:519,(anonymous_25)
FN:550,(anonymous_26)
FN:555,(anonymous_27)
FN:583,(anonymous_28)
FN:609,(anonymous_29)
FN:639,(anonymous_30)
FN:651,(anonymous_31)
FN:663,(anonymous_32)
FN:718,(anonymous_33)
FN:730,(anonymous_34)
FN:749,(anonymous_35)
FN:844,(anonymous_36)
FNF:37
FNH:0
FNDA:0,(anonymous_0)
FNDA:0,(anonymous_1)
FNDA:0,(anonymous_2)
FNDA:0,(anonymous_3)
FNDA:0,(anonymous_4)
FNDA:0,(anonymous_5)
FNDA:0,(anonymous_6)
FNDA:0,(anonymous_7)
FNDA:0,(anonymous_8)
FNDA:0,(anonymous_9)
FNDA:0,(anonymous_10)
FNDA:0,(anonymous_11)
FNDA:0,(anonymous_12)
FNDA:0,(anonymous_13)
FNDA:0,(anonymous_14)
FNDA:0,(anonymous_15)
FNDA:0,(anonymous_16)
FNDA:0,(anonymous_17)
FNDA:0,(anonymous_18)
FNDA:0,(anonymous_19)
FNDA:0,(anonymous_20)
FNDA:0,(anonymous_21)
FNDA:0,(anonymous_22)
FNDA:0,(anonymous_23)
FNDA:0,(anonymous_24)
FNDA:0,(anonymous_25)
FNDA:0,(anonymous_26)
FNDA:0,(anonymous_27)
FNDA:0,(anonymous_28)
FNDA:0,(anonymous_29)
FNDA:0,(anonymous_30)
FNDA:0,(anonymous_31)
FNDA:0,(anonymous_32)
FNDA:0,(anonymous_33)
FNDA:0,(anonymous_34)
FNDA:0,(anonymous_35)
FNDA:0,(anonymous_36)
DA:53,0
DA:87,0
DA:106,0
DA:107,0
DA:108,0
DA:111,0
DA:112,0
DA:113,0
DA:115,0
DA:128,0
DA:132,0
DA:133,0
DA:136,0
DA:137,0
DA:139,0
DA:140,0
DA:144,0
DA:145,0
DA:146,0
DA:154,0
DA:155,0
DA:156,0
DA:157,0
DA:160,0
DA:164,0
DA:165,0
DA:166,0
DA:167,0
DA:169,0
DA:170,0
DA:174,0
DA:175,0
DA:176,0
DA:177,0
DA:179,0
DA:180,0
DA:185,0
DA:186,0
DA:187,0
DA:188,0
DA:190,0
DA:191,0
DA:192,0
DA:195,0
DA:196,0
DA:197,0
DA:198,0
DA:200,0
DA:201,0
DA:202,0
DA:205,0
DA:206,0
DA:207,0
DA:208,0
DA:212,0
DA:213,0
DA:214,0
DA:217,0
DA:218,0
DA:219,0
DA:222,0
DA:223,0
DA:224,0
DA:225,0
DA:227,0
DA:228,0
DA:232,0
DA:233,0
DA:234,0
DA:237,0
DA:238,0
DA:239,0
DA:240,0
DA:243,0
DA:246,0
DA:247,0
DA:249,0
DA:299,0
DA:302,0
DA:326,0
DA:329,0
DA:373,0
DA:376,0
DA:421,0
DA:424,0
DA:453,0
DA:454,0
DA:456,0
DA:489,0
DA:491,0
DA:519,0
DA:520,0
DA:521,0
DA:551,0
DA:552,0
DA:555,0
DA:583,0
DA:609,0
DA:610,0
DA:639,0
DA:651,0
DA:663,0
DA:718,0
DA:730,0
DA:749,0
DA:845,0
DA:846,0
DA:847,0
DA:885,0
DA:886,0
DA:929,0
LF:111
LH:0
BRDA:89,0,0,0
BRDA:90,1,0,0
BRDA:91,2,0,0
BRDA:108,3,0,0
BRDA:108,3,1,0
BRDA:132,4,0,0
BRDA:132,4,1,0
BRDA:139,5,0,0
BRDA:139,5,1,0
BRDA:139,6,0,0
BRDA:139,6,1,0
BRDA:145,7,0,0
BRDA:145,7,1,0
BRDA:145,8,0,0
BRDA:145,8,1,0
BRDA:165,9,0,0
BRDA:165,9,1,0
BRDA:175,10,0,0
BRDA:175,10,1,0
BRDA:187,11,0,0
BRDA:187,11,1,0
BRDA:187,12,0,0
BRDA:187,12,1,0
BRDA:197,13,0,0
BRDA:197,13,1,0
BRDA:197,14,0,0
BRDA:197,14,1,0
BRDA:223,15,0,0
BRDA:223,15,1,0
BRDA:225,16,0,0
BRDA:225,16,1,0
BRDA:234,17,0,0
BRDA:234,17,1,0
BRDA:240,18,0,0
BRDA:240,18,1,0
BRDA:247,19,0,0
BRDA:247,19,1,0
BRDA:272,20,0,0
BRDA:272,20,1,0
BRDA:281,21,0,0
BRDA:281,21,1,0
BRDA:281,21,2,0
BRDA:306,22,0,0
BRDA:306,22,1,0
BRDA:306,23,0,0
BRDA:306,23,1,0
BRDA:307,24,0,0
BRDA:307,24,1,0
BRDA:308,25,0,0
BRDA:308,25,1,0
BRDA:333,26,0,0
BRDA:333,26,1,0
BRDA:334,27,0,0
BRDA:334,27,1,0
BRDA:339,28,0,0
BRDA:339,28,1,0
BRDA:380,29,0,0
BRDA:380,29,1,0
BRDA:380,30,0,0
BRDA:380,30,1,0
BRDA:381,31,0,0
BRDA:381,31,1,0
BRDA:382,32,0,0
BRDA:382,32,1,0
BRDA:391,33,0,0
BRDA:391,33,1,0
BRDA:396,34,0,0
BRDA:396,34,1,0
BRDA:428,35,0,0
BRDA:428,35,1,0
BRDA:429,36,0,0
BRDA:429,36,1,0
BRDA:434,37,0,0
BRDA:434,37,1,0
BRDA:439,38,0,0
BRDA:439,38,1,0
BRDA:454,39,0,0
BRDA:454,39,1,0
BRDA:478,40,0,0
BRDA:478,40,1,0
BRDA:494,41,0,0
BRDA:494,41,1,0
BRDA:495,42,0,0
BRDA:495,42,1,0
BRDA:495,43,0,0
BRDA:495,43,1,0
BRDA:495,44,0,0
BRDA:495,44,1,0
BRDA:520,45,0,0
BRDA:520,45,1,0
BRDA:542,46,0,0
BRDA:542,46,1,0
BRDA:617,47,0,0
BRDA:617,47,1,0
BRDA:683,48,0,0
BRDA:683,48,1,0
BRDA:743,49,0,0
BRDA:743,49,1,0
BRDA:770,50,0,0
BRDA:770,50,1,0
BRDA:779,51,0,0
BRDA:779,51,1,0
BRDA:787,52,0,0
BRDA:787,52,1,0
BRDA:810,53,0,0
BRDA:810,53,1,0
BRDA:840,54,0,0
BRDA:840,54,1,0
BRDA:853,55,0,0
BRDA:853,55,1,0
BRDA:885,56,0,0
BRDA:885,56,1,0
BRDA:885,57,0,0
BRDA:885,57,1,0
BRDA:906,58,0,0
BRDA:906,58,1,0
BRDA:937,59,0,0
BRDA:937,59,1,0
BRDA:940,60,0,0
BRDA:940,60,1,0
BRF:120
BRH:0
end_of_record
TN:
SF:src\components\common\RichTextEditor\components\EventLinkComponent.tsx
FN:27,(anonymous_0)
FN:42,(anonymous_1)
FNF:2
FNH:0
FNDA:0,(anonymous_0)
FNDA:0,(anonymous_1)
DA:27,0
DA:33,0
DA:35,0
DA:38,0
DA:40,0
DA:42,0
DA:43,0
DA:44,0
DA:47,0
LF:9
LH:0
BRDA:38,0,0,0
BRDA:38,0,1,0
BRDA:40,1,0,0
BRDA:40,1,1,0
BRDA:65,2,0,0
BRDA:65,2,1,0
BRDA:68,3,0,0
BRDA:68,3,1,0
BRDA:71,4,0,0
BRDA:71,4,1,0
BRDA:72,5,0,0
BRDA:72,5,1,0
BRDA:73,6,0,0
BRDA:73,6,1,0
BRDA:79,7,0,0
BRDA:79,7,1,0
BRF:16
BRH:0
end_of_record
TN:
SF:src\components\common\RichTextEditor\components\ImageBlock.tsx
FN:16,(anonymous_0)
FN:28,(anonymous_1)
FN:32,(anonymous_2)
FN:37,(anonymous_3)
FN:43,(anonymous_4)
FN:82,(anonymous_5)
FN:83,(anonymous_6)
FNF:7
FNH:0
FNDA:0,(anonymous_0)
FNDA:0,(anonymous_1)
FNDA:0,(anonymous_2)
FNDA:0,(anonymous_3)
FNDA:0,(anonymous_4)
FNDA:0,(anonymous_5)
FNDA:0,(anonymous_6)
DA:16,0
DA:17,0
DA:18,0
DA:19,0
DA:20,0
DA:22,0
DA:23,0
DA:25,0
DA:26,0
DA:28,0
DA:29,0
DA:32,0
DA:33,0
DA:34,0
DA:37,0
DA:38,0
DA:39,0
DA:40,0
DA:43,0
DA:44,0
DA:45,0
DA:46,0
DA:49,0
DA:50,0
DA:72,0
DA:82,0
DA:83,0
LF:27
LH:0
BRDA:23,0,0,0
BRDA:23,0,1,0
BRDA:49,1,0,0
BRDA:49,1,1,0
BRDA:63,2,0,0
BRDA:63,2,1,0
BRDA:88,3,0,0
BRDA:88,3,1,0
BRDA:92,4,0,0
BRDA:92,4,1,0
BRDA:93,5,0,0
BRDA:93,5,1,0
BRDA:94,6,0,0
BRDA:94,6,1,0
BRDA:98,7,0,0
BRDA:98,7,1,0
BRDA:126,8,0,0
BRDA:126,8,1,0
BRDA:133,9,0,0
BRDA:133,9,1,0
BRDA:139,10,0,0
BRDA:139,10,1,0
BRDA:139,10,2,0
BRF:23
BRH:0
end_of_record
TN:
SF:src\components\common\RichTextEditor\components\ImageUploadDialog.tsx
FN:60,(anonymous_0)
FN:80,(anonymous_1)
FN:112,(anonymous_2)
FN:120,(anonymous_3)
FN:126,(anonymous_4)
FN:176,(anonymous_5)
FN:181,(anonymous_6)
FN:190,(anonymous_7)
FN:196,(anonymous_8)
FN:202,(anonymous_9)
FN:218,(anonymous_10)
FN:233,(anonymous_11)
FN:240,(anonymous_12)
FN:252,(anonymous_13)
FN:260,(anonymous_14)
FN:366,(anonymous_15)
FN:381,(anonymous_16)
FN:382,(anonymous_17)
FN:490,(anonymous_18)
FN:511,(anonymous_19)
FN:519,(anonymous_20)
FN:533,(anonymous_21)
FN:565,(anonymous_22)
FNF:23
FNH:0
FNDA:0,(anonymous_0)
FNDA:0,(anonymous_1)
FNDA:0,(anonymous_2)
FNDA:0,(anonymous_3)
FNDA:0,(anonymous_4)
FNDA:0,(anonymous_5)
FNDA:0,(anonymous_6)
FNDA:0,(anonymous_7)
FNDA:0,(anonymous_8)
FNDA:0,(anonymous_9)
FNDA:0,(anonymous_10)
FNDA:0,(anonymous_11)
FNDA:0,(anonymous_12)
FNDA:0,(anonymous_13)
FNDA:0,(anonymous_14)
FNDA:0,(anonymous_15)
FNDA:0,(anonymous_16)
FNDA:0,(anonymous_17)
FNDA:0,(anonymous_18)
FNDA:0,(anonymous_19)
FNDA:0,(anonymous_20)
FNDA:0,(anonymous_21)
FNDA:0,(anonymous_22)
DA:43,0
DA:49,0
DA:60,0
DA:65,0
DA:66,0
DA:67,0
DA:68,0
DA:73,0
DA:74,0
DA:76,0
DA:80,0
DA:81,0
DA:82,0
DA:85,0
DA:86,0
DA:87,0
DA:88,0
DA:89,0
DA:90,0
DA:92,0
DA:110,0
DA:112,0
DA:113,0
DA:114,0
DA:115,0
DA:116,0
DA:117,0
DA:120,0
DA:121,0
DA:122,0
DA:123,0
DA:126,0
DA:127,0
DA:128,0
DA:129,0
DA:131,0
DA:132,0
DA:133,0
DA:136,0
DA:137,0
DA:138,0
DA:140,0
DA:141,0
DA:142,0
DA:144,0
DA:145,0
DA:147,0
DA:148,0
DA:149,0
DA:151,0
DA:155,0
DA:157,0
DA:158,0
DA:159,0
DA:160,0
DA:162,0
DA:167,0
DA:168,0
DA:170,0
DA:172,0
DA:176,0
DA:177,0
DA:178,0
DA:181,0
DA:182,0
DA:183,0
DA:184,0
DA:185,0
DA:186,0
DA:190,0
DA:191,0
DA:192,0
DA:193,0
DA:196,0
DA:197,0
DA:198,0
DA:199,0
DA:202,0
DA:203,0
DA:204,0
DA:205,0
DA:207,0
DA:208,0
DA:210,0
DA:211,0
DA:213,0
DA:214,0
DA:215,0
DA:218,0
DA:219,0
DA:220,0
DA:221,0
DA:222,0
DA:223,0
DA:224,0
DA:225,0
DA:226,0
DA:227,0
DA:233,0
DA:234,0
DA:235,0
DA:236,0
DA:237,0
DA:240,0
DA:241,0
DA:253,0
DA:256,0
DA:257,0
DA:261,0
DA:262,0
DA:293,0
DA:367,0
DA:368,0
DA:381,0
DA:383,0
DA:384,0
DA:385,0
DA:490,0
DA:512,0
DA:513,0
DA:520,0
DA:533,0
DA:565,0
LF:123
LH:0
BRDA:74,0,0,0
BRDA:74,0,1,0
BRDA:81,1,0,0
BRDA:81,1,1,0
BRDA:81,2,0,0
BRDA:81,2,1,0
BRDA:121,3,0,0
BRDA:121,3,1,0
BRDA:127,4,0,0
BRDA:127,4,1,0
BRDA:131,5,0,0
BRDA:131,5,1,0
BRDA:145,6,0,0
BRDA:145,6,1,0
BRDA:145,7,0,0
BRDA:145,7,1,0
BRDA:147,8,0,0
BRDA:147,8,1,0
BRDA:155,9,0,0
BRDA:155,9,1,0
BRDA:158,10,0,0
BRDA:158,10,1,0
BRDA:162,11,0,0
BRDA:162,11,1,0
BRDA:167,12,0,0
BRDA:167,12,1,0
BRDA:170,13,0,0
BRDA:170,13,1,0
BRDA:178,14,0,0
BRDA:178,14,1,0
BRDA:186,15,0,0
BRDA:186,15,1,0
BRDA:203,16,0,0
BRDA:203,16,1,0
BRDA:220,17,0,0
BRDA:220,17,1,0
BRDA:222,18,0,0
BRDA:222,18,1,0
BRDA:224,19,0,0
BRDA:224,19,1,0
BRDA:235,20,0,0
BRDA:235,20,1,0
BRDA:256,21,0,0
BRDA:256,21,1,0
BRDA:276,22,0,0
BRDA:276,22,1,0
BRDA:277,23,0,0
BRDA:277,23,1,0
BRDA:278,24,0,0
BRDA:278,24,1,0
BRDA:278,25,0,0
BRDA:278,25,1,0
BRDA:280,26,0,0
BRDA:280,26,1,0
BRDA:280,27,0,0
BRDA:280,27,1,0
BRDA:281,28,0,0
BRDA:281,28,1,0
BRDA:342,29,0,0
BRDA:342,29,1,0
BRDA:342,29,2,0
BRDA:351,30,0,0
BRDA:351,30,1,0
BRDA:376,31,0,0
BRDA:376,31,1,0
BRDA:376,31,2,0
BRDA:381,32,0,0
BRDA:381,32,1,0
BRDA:383,33,0,0
BRDA:383,33,1,0
BRDA:383,34,0,0
BRDA:383,34,1,0
BRDA:383,34,2,0
BRDA:396,35,0,0
BRDA:396,35,1,0
BRDA:396,36,0,0
BRDA:396,36,1,0
BRDA:398,37,0,0
BRDA:398,37,1,0
BRDA:406,38,0,0
BRDA:406,38,1,0
BRDA:408,39,0,0
BRDA:408,39,1,0
BRDA:417,40,0,0
BRDA:417,40,1,0
BRDA:428,41,0,0
BRDA:428,41,1,0
BRDA:431,42,0,0
BRDA:431,42,1,0
BRDA:502,43,0,0
BRDA:502,43,1,0
BRDA:520,44,0,0
BRDA:520,44,1,0
BRDA:520,45,0,0
BRDA:520,45,1,0
BRDA:541,46,0,0
BRDA:541,46,1,0
BRDA:574,47,0,0
BRDA:574,47,1,0
BRDA:585,48,0,0
BRDA:585,48,1,0
BRDA:616,49,0,0
BRDA:616,49,1,0
BRDA:637,50,0,0
BRDA:637,50,1,0
BRDA:650,51,0,0
BRDA:650,51,1,0
BRF:107
BRH:0
end_of_record
TN:
SF:src\components\common\RichTextEditor\components\LinkComponent.tsx
FN:18,(anonymous_0)
FN:31,(anonymous_1)
FN:48,(anonymous_2)
FN:84,(anonymous_3)
FNF:4
FNH:0
FNDA:0,(anonymous_0)
FNDA:0,(anonymous_1)
FNDA:0,(anonymous_2)
FNDA:0,(anonymous_3)
DA:18,0
DA:27,0
DA:28,0
DA:29,0
DA:31,0
DA:32,0
DA:33,0
DA:35,0
DA:37,0
DA:39,0
DA:41,0
DA:44,0
DA:46,0
DA:48,0
DA:50,0
DA:52,0
DA:53,0
DA:55,0
DA:58,0
DA:59,0
DA:66,0
DA:67,0
DA:69,0
DA:71,0
DA:80,0
DA:84,0
DA:85,0
DA:88,0
DA:89,0
DA:91,0
LF:30
LH:0
BRDA:37,0,0,0
BRDA:37,0,1,0
BRDA:37,1,0,0
BRDA:37,1,1,0
BRDA:39,2,0,0
BRDA:39,2,1,0
BRDA:39,3,0,0
BRDA:39,3,1,0
BRDA:39,3,2,0
BRDA:39,3,3,0
BRDA:46,4,0,0
BRDA:46,4,1,0
BRDA:46,5,0,0
BRDA:46,5,1,0
BRDA:50,6,0,0
BRDA:50,6,1,0
BRDA:50,7,0,0
BRDA:50,7,1,0
BRDA:50,7,2,0
BRDA:53,8,0,0
BRDA:53,8,1,0
BRDA:53,9,0,0
BRDA:53,9,1,0
BRDA:66,10,0,0
BRDA:66,10,1,0
BRDA:66,11,0,0
BRDA:66,11,1,0
BRDA:67,12,0,0
BRDA:67,12,1,0
BRDA:96,13,0,0
BRDA:96,13,1,0
BRF:31
BRH:0
end_of_record
TN:
SF:src\components\common\RichTextEditor\components\NoteLinkComponent.tsx
FN:17,(anonymous_0)
FN:28,(anonymous_1)
FNF:2
FNH:0
FNDA:0,(anonymous_0)
FNDA:0,(anonymous_1)
DA:17,0
DA:23,0
DA:24,0
DA:28,0
DA:29,0
DA:30,0
DA:33,0
LF:7
LH:0
BRDA:57,0,0,0
BRDA:57,0,1,0
BRDA:60,1,0,0
BRDA:60,1,1,0
BRDA:63,2,0,0
BRDA:63,2,1,0
BRDA:64,3,0,0
BRDA:64,3,1,0
BRDA:65,4,0,0
BRDA:65,4,1,0
BRF:10
BRH:0
end_of_record
TN:
SF:src\components\common\RichTextEditor\components\TagChipComponent.tsx
FN:18,(anonymous_0)
FNF:1
FNH:0
FNDA:0,(anonymous_0)
DA:18,0
DA:22,0
DA:23,0
DA:25,0
DA:26,0
DA:27,0
DA:28,0
DA:31,0
LF:8
LH:0
BRDA:27,0,0,0
BRDA:27,0,1,0
BRDA:28,1,0,0
BRDA:28,1,1,0
BRDA:55,2,0,0
BRDA:55,2,1,0
BRF:6
BRH:0
end_of_record
TN:
SF:src\components\common\RichTextEditor\components\TradeLinkComponent.tsx
FN:26,(anonymous_0)
FN:45,(anonymous_1)
FNF:2
FNH:0
FNDA:0,(anonymous_0)
FNDA:0,(anonymous_1)
DA:26,0
DA:32,0
DA:33,0
DA:36,0
DA:37,0
DA:38,0
DA:41,0
DA:45,0
DA:46,0
DA:47,0
DA:48,0
DA:49,0
DA:53,0
LF:13
LH:0
BRDA:38,0,0,0
BRDA:38,0,1,0
BRDA:41,1,0,0
BRDA:41,1,1,0
BRDA:48,2,0,0
BRDA:48,2,1,0
BRDA:48,3,0,0
BRDA:48,3,1,0
BRDA:71,4,0,0
BRDA:71,4,1,0
BRDA:71,5,0,0
BRDA:71,5,1,0
BRDA:74,6,0,0
BRDA:74,6,1,0
BRDA:74,7,0,0
BRDA:74,7,1,0
BRDA:78,8,0,0
BRDA:78,8,1,0
BRDA:78,9,0,0
BRDA:78,9,1,0
BRF:20
BRH:0
end_of_record
TN:
SF:src\components\common\RichTextEditor\constants\colors.ts
FNF:0
FNH:0
DA:11,0
DA:26,0
DA:41,0
LF:3
LH:0
BRF:0
BRH:0
end_of_record
TN:
SF:src\components\common\RichTextEditor\constants\headings.ts
FNF:0
FNH:0
DA:11,0
DA:25,0
DA:32,0
LF:3
LH:0
BRF:0
BRH:0
end_of_record
TN:
SF:src\components\common\RichTextEditor\hooks\useFloatingToolbar.ts
FN:24,useFloatingToolbar
FN:35,(anonymous_1)
FN:48,(anonymous_2)
FN:64,(anonymous_3)
FN:87,(anonymous_4)
FN:92,(anonymous_5)
FN:97,(anonymous_6)
FN:98,(anonymous_7)
FN:101,(anonymous_8)
FN:117,(anonymous_9)
FN:126,(anonymous_10)
FN:127,(anonymous_11)
FN:145,(anonymous_12)
FN:154,(anonymous_13)
FNF:14
FNH:0
FNDA:0,useFloatingToolbar
FNDA:0,(anonymous_1)
FNDA:0,(anonymous_2)
FNDA:0,(anonymous_3)
FNDA:0,(anonymous_4)
FNDA:0,(anonymous_5)
FNDA:0,(anonymous_6)
FNDA:0,(anonymous_7)
FNDA:0,(anonymous_8)
FNDA:0,(anonymous_9)
FNDA:0,(anonymous_10)
FNDA:0,(anonymous_11)
FNDA:0,(anonymous_12)
FNDA:0,(anonymous_13)
DA:31,0
DA:32,0
DA:35,0
DA:36,0
DA:38,0
DA:39,0
DA:40,0
DA:42,0
DA:43,0
DA:44,0
DA:45,0
DA:48,0
DA:49,0
DA:50,0
DA:57,0
DA:61,0
DA:62,0
DA:64,0
DA:65,0
DA:68,0
DA:70,0
DA:73,0
DA:80,0
DA:81,0
DA:86,0
DA:87,0
DA:92,0
DA:93,0
DA:94,0
DA:97,0
DA:98,0
DA:101,0
DA:103,0
DA:108,0
DA:112,0
DA:113,0
DA:114,0
DA:115,0
DA:117,0
DA:118,0
DA:119,0
DA:120,0
DA:121,0
DA:126,0
DA:127,0
DA:128,0
DA:129,0
DA:130,0
DA:131,0
DA:133,0
DA:134,0
DA:135,0
DA:139,0
DA:145,0
DA:146,0
DA:147,0
DA:153,0
DA:154,0
DA:155,0
DA:159,0
LF:60
LH:0
BRDA:28,0,0,0
BRDA:29,1,0,0
BRDA:36,2,0,0
BRDA:36,2,1,0
BRDA:36,3,0,0
BRDA:36,3,1,0
BRDA:38,4,0,0
BRDA:38,4,1,0
BRDA:42,5,0,0
BRDA:42,5,1,0
BRDA:42,6,0,0
BRDA:42,6,1,0
BRDA:42,6,2,0
BRDA:61,7,0,0
BRDA:61,7,1,0
BRDA:80,8,0,0
BRDA:80,8,1,0
BRDA:80,9,0,0
BRDA:80,9,1,0
BRDA:80,9,2,0
BRDA:94,10,0,0
BRDA:94,10,1,0
BRDA:94,11,0,0
BRDA:94,11,1,0
BRDA:103,12,0,0
BRDA:103,12,1,0
BRDA:104,13,0,0
BRDA:104,13,1,0
BRDA:104,13,2,0
BRDA:104,13,3,0
BRDA:131,14,0,0
BRDA:131,14,1,0
BRDA:133,15,0,0
BRDA:133,15,1,0
BRDA:133,16,0,0
BRDA:133,16,1,0
BRDA:133,16,2,0
BRDA:139,17,0,0
BRDA:139,17,1,0
BRDA:140,18,0,0
BRDA:140,18,1,0
BRDA:140,18,2,0
BRDA:146,19,0,0
BRDA:146,19,1,0
BRDA:146,20,0,0
BRDA:146,20,1,0
BRDA:146,20,2,0
BRF:47
BRH:0
end_of_record
TN:
SF:src\components\common\RichTextEditor\hooks\useRecentColors.ts
FN:13,useRecentColors
FN:18,(anonymous_1)
FN:24,(anonymous_2)
FN:25,(anonymous_3)
FN:33,(anonymous_4)
FN:34,(anonymous_5)
FNF:6
FNH:0
FNDA:0,useRecentColors
FNDA:0,(anonymous_1)
FNDA:0,(anonymous_2)
FNDA:0,(anonymous_3)
FNDA:0,(anonymous_4)
FNDA:0,(anonymous_5)
DA:14,0
DA:15,0
DA:18,0
DA:19,0
DA:20,0
DA:24,0
DA:25,0
DA:26,0
DA:27,0
DA:28,0
DA:33,0
DA:34,0
DA:35,0
DA:36,0
DA:37,0
DA:41,0
LF:16
LH:0
BRF:0
BRH:0
end_of_record
TN:
SF:src\components\common\RichTextEditor\hooks\useTradeLinkInsertion.tsx
FN:60,useTradeLinkInsertion
FN:86,(anonymous_1)
FN:93,(anonymous_2)
FN:97,(anonymous_3)
FN:135,(anonymous_4)
FN:151,(anonymous_5)
FN:265,(anonymous_6)
FN:272,(anonymous_7)
FN:300,(anonymous_8)
FN:322,(anonymous_9)
FN:347,(anonymous_10)
FNF:11
FNH:0
FNDA:0,useTradeLinkInsertion
FNDA:0,(anonymous_1)
FNDA:0,(anonymous_2)
FNDA:0,(anonymous_3)
FNDA:0,(anonymous_4)
FNDA:0,(anonymous_5)
FNDA:0,(anonymous_6)
FNDA:0,(anonymous_7)
FNDA:0,(anonymous_8)
FNDA:0,(anonymous_9)
FNDA:0,(anonymous_10)
DA:63,0
DA:64,0
DA:70,0
DA:73,0
DA:74,0
DA:75,0
DA:76,0
DA:79,0
DA:80,0
DA:81,0
DA:84,0
DA:86,0
DA:87,0
DA:88,0
DA:89,0
DA:90,0
DA:93,0
DA:94,0
DA:97,0
DA:98,0
DA:99,0
DA:100,0
DA:101,0
DA:103,0
DA:104,0
DA:105,0
DA:106,0
DA:108,0
DA:109,0
DA:110,0
DA:111,0
DA:112,0
DA:113,0
DA:114,0
DA:115,0
DA:117,0
DA:124,0
DA:125,0
DA:127,0
DA:128,0
DA:130,0
DA:134,0
DA:136,0
DA:137,0
DA:138,0
DA:139,0
DA:140,0
DA:142,0
DA:144,0
DA:150,0
DA:152,0
DA:161,0
DA:185,0
DA:266,0
DA:267,0
DA:273,0
DA:274,0
DA:275,0
DA:301,0
DA:323,0
DA:324,0
DA:347,0
DA:354,0
LF:63
LH:0
BRDA:94,0,0,0
BRDA:94,0,1,0
BRDA:99,1,0,0
BRDA:99,1,1,0
BRDA:104,2,0,0
BRDA:104,2,1,0
BRDA:104,3,0,0
BRDA:104,3,1,0
BRDA:113,4,0,0
BRDA:113,4,1,0
BRDA:122,5,0,0
BRDA:122,5,1,0
BRDA:140,6,0,0
BRDA:140,6,1,0
BRDA:153,7,0,0
BRDA:153,7,1,0
BRDA:154,8,0,0
BRDA:154,8,1,0
BRDA:166,9,0,0
BRDA:166,9,1,0
BRDA:169,10,0,0
BRDA:169,10,1,0
BRDA:172,11,0,0
BRDA:172,11,1,0
BRDA:267,12,0,0
BRDA:267,12,1,0
BRDA:273,13,0,0
BRDA:273,13,1,0
BRDA:273,14,0,0
BRDA:273,14,1,0
BRDA:280,15,0,0
BRDA:280,15,1,0
BRDA:303,16,0,0
BRDA:303,16,1,0
BRDA:306,17,0,0
BRDA:306,17,1,0
BRDA:314,18,0,0
BRDA:314,18,1,0
BRDA:319,19,0,0
BRDA:319,19,1,0
BRDA:326,20,0,0
BRDA:326,20,1,0
BRDA:329,21,0,0
BRDA:329,21,1,0
BRDA:344,22,0,0
BRDA:344,22,1,0
BRF:46
BRH:0
end_of_record
TN:
SF:src\components\common\RichTextEditor\utils\calloutUtils.ts
FN:19,(anonymous_0)
FN:27,(anonymous_1)
FN:59,(anonymous_2)
FNF:3
FNH:0
FNDA:0,(anonymous_0)
FNDA:0,(anonymous_1)
FNDA:0,(anonymous_2)
DA:3,0
DA:12,0
DA:19,0
DA:20,0
DA:27,0
DA:31,0
DA:32,0
DA:33,0
DA:37,0
DA:38,0
DA:41,0
DA:43,0
DA:44,0
DA:47,0
DA:59,0
DA:62,0
DA:63,0
DA:65,0
DA:66,0
DA:67,0
DA:68,0
DA:70,0
DA:71,0
DA:74,0
DA:79,0
LF:25
LH:0
BRDA:37,0,0,0
BRDA:37,0,1,0
BRDA:41,1,0,0
BRDA:41,1,1,0
BRDA:63,2,0,0
BRDA:63,2,1,0
BRDA:70,3,0,0
BRDA:70,3,1,0
BRDA:71,4,0,0
BRDA:71,4,1,0
BRF:10
BRH:0
end_of_record
TN:
SF:src\components\common\RichTextEditor\utils\debounce.ts
FN:8,debounce
FN:15,executedFunction
FN:16,(anonymous_2)
FN:41,throttle
FN:47,executedFunction
FN:51,(anonymous_5)
FNF:6
FNH:0
FNDA:0,debounce
FNDA:0,executedFunction
FNDA:0,(anonymous_2)
FNDA:0,throttle
FNDA:0,executedFunction
FNDA:0,(anonymous_5)
DA:13,0
DA:15,0
DA:16,0
DA:17,0
DA:18,0
DA:21,0
DA:23,0
DA:24,0
DA:27,0
DA:29,0
DA:30,0
DA:47,0
DA:48,0
DA:49,0
DA:50,0
DA:51,0
LF:16
LH:0
BRDA:11,0,0,0
BRDA:18,1,0,0
BRDA:18,1,1,0
BRDA:21,2,0,0
BRDA:21,2,1,0
BRDA:23,3,0,0
BRDA:23,3,1,0
BRDA:29,4,0,0
BRDA:29,4,1,0
BRDA:48,5,0,0
BRDA:48,5,1,0
BRF:11
BRH:0
end_of_record
TN:
SF:src\components\common\RichTextEditor\utils\decoratorUtils.ts
FN:18,(anonymous_0)
FN:36,(anonymous_1)
FN:52,(anonymous_2)
FN:60,(anonymous_3)
FN:68,(anonymous_4)
FNF:5
FNH:0
FNDA:0,(anonymous_0)
FNDA:0,(anonymous_1)
FNDA:0,(anonymous_2)
FNDA:0,(anonymous_3)
FNDA:0,(anonymous_4)
DA:18,0
DA:33,0
DA:37,0
DA:53,0
DA:61,0
DA:69,0
LF:6
LH:0
BRF:0
BRH:0
end_of_record
TN:
SF:src\components\common\RichTextEditor\utils\draftUtils.ts
FN:9,createEditorStateFromValue
FN:44,hasContentChanged
FN:69,getContentAsJson
FN:85,hasContent
FNF:4
FNH:0
FNDA:0,createEditorStateFromValue
FNDA:0,hasContentChanged
FNDA:0,getContentAsJson
FNDA:0,hasContent
DA:10,0
DA:11,0
DA:14,0
DA:16,0
DA:19,0
DA:25,0
DA:26,0
DA:29,0
DA:33,0
DA:34,0
DA:45,0
DA:46,0
DA:49,0
DA:50,0
DA:53,0
DA:54,0
DA:55,0
DA:56,0
DA:58,0
DA:60,0
DA:70,0
DA:71,0
DA:72,0
DA:73,0
DA:75,0
DA:76,0
DA:86,0
DA:87,0
LF:28
LH:0
BRDA:10,0,0,0
BRDA:10,0,1,0
BRDA:19,1,0,0
BRDA:19,1,1,0
BRDA:20,2,0,0
BRDA:20,2,1,0
BRDA:20,2,2,0
BRDA:20,2,3,0
BRDA:49,3,0,0
BRDA:49,3,1,0
BRDA:87,4,0,0
BRDA:87,4,1,0
BRF:12
BRH:0
end_of_record
TN:
SF:src\components\common\RichTextEditor\utils\editorActions.ts
FN:7,(anonymous_0)
FN:15,(anonymous_1)
FN:23,(anonymous_2)
FN:35,(anonymous_3)
FN:40,(anonymous_4)
FN:44,(anonymous_5)
FN:52,(anonymous_6)
FN:67,(anonymous_7)
FN:71,(anonymous_8)
FN:81,(anonymous_9)
FN:93,(anonymous_10)
FN:108,(anonymous_11)
FN:112,(anonymous_12)
FN:122,(anonymous_13)
FN:134,(anonymous_14)
FN:149,(anonymous_15)
FN:154,(anonymous_16)
FN:164,(anonymous_17)
FN:177,(anonymous_18)
FN:190,(anonymous_19)
FN:198,(anonymous_20)
FN:216,(anonymous_21)
FN:245,(anonymous_22)
FN:250,(anonymous_23)
FNF:24
FNH:0
FNDA:0,(anonymous_0)
FNDA:0,(anonymous_1)
FNDA:0,(anonymous_2)
FNDA:0,(anonymous_3)
FNDA:0,(anonymous_4)
FNDA:0,(anonymous_5)
FNDA:0,(anonymous_6)
FNDA:0,(anonymous_7)
FNDA:0,(anonymous_8)
FNDA:0,(anonymous_9)
FNDA:0,(anonymous_10)
FNDA:0,(anonymous_11)
FNDA:0,(anonymous_12)
FNDA:0,(anonymous_13)
FNDA:0,(anonymous_14)
FNDA:0,(anonymous_15)
FNDA:0,(anonymous_16)
FNDA:0,(anonymous_17)
FNDA:0,(anonymous_18)
FNDA:0,(anonymous_19)
FNDA:0,(anonymous_20)
FNDA:0,(anonymous_21)
FNDA:0,(anonymous_22)
FNDA:0,(anonymous_23)
DA:7,0
DA:12,0
DA:15,0
DA:17,0
DA:23,0
DA:29,0
DA:32,0
DA:35,0
DA:36,0
DA:40,0
DA:41,0
DA:44,0
DA:46,0
DA:52,0
DA:60,0
DA:61,0
DA:63,0
DA:64,0
DA:67,0
DA:68,0
DA:71,0
DA:72,0
DA:76,0
DA:77,0
DA:78,0
DA:81,0
DA:82,0
DA:83,0
DA:87,0
DA:93,0
DA:101,0
DA:102,0
DA:104,0
DA:105,0
DA:108,0
DA:109,0
DA:112,0
DA:113,0
DA:117,0
DA:118,0
DA:119,0
DA:122,0
DA:123,0
DA:124,0
DA:128,0
DA:134,0
DA:140,0
DA:141,0
DA:143,0
DA:146,0
DA:149,0
DA:150,0
DA:154,0
DA:155,0
DA:158,0
DA:164,0
DA:168,0
DA:169,0
DA:171,0
DA:174,0
DA:175,0
DA:177,0
DA:178,0
DA:179,0
DA:184,0
DA:190,0
DA:192,0
DA:198,0
DA:199,0
DA:200,0
DA:202,0
DA:203,0
DA:204,0
DA:205,0
DA:206,0
DA:208,0
DA:209,0
DA:216,0
DA:217,0
DA:218,0
DA:220,0
DA:222,0
DA:224,0
DA:226,0
DA:228,0
DA:230,0
DA:232,0
DA:234,0
DA:236,0
DA:238,0
DA:245,0
DA:250,0
DA:251,0
DA:252,0
DA:253,0
DA:255,0
LF:96
LH:0
BRDA:36,0,0,0
BRDA:36,0,1,0
BRDA:61,1,0,0
BRDA:61,1,1,0
BRDA:68,2,0,0
BRDA:68,2,1,0
BRDA:76,3,0,0
BRDA:76,3,1,0
BRDA:82,4,0,0
BRDA:82,4,1,0
BRDA:102,5,0,0
BRDA:102,5,1,0
BRDA:109,6,0,0
BRDA:109,6,1,0
BRDA:117,7,0,0
BRDA:117,7,1,0
BRDA:123,8,0,0
BRDA:123,8,1,0
BRDA:141,9,0,0
BRDA:141,9,1,0
BRDA:150,10,0,0
BRDA:150,10,1,0
BRDA:169,11,0,0
BRDA:169,11,1,0
BRDA:178,12,0,0
BRDA:178,12,1,0
BRDA:200,13,0,0
BRDA:200,13,1,0
BRDA:218,14,0,0
BRDA:218,14,1,0
BRDA:218,14,2,0
BRDA:218,14,3,0
BRDA:218,14,4,0
BRDA:218,14,5,0
BRDA:218,14,6,0
BRDA:218,14,7,0
BRDA:218,14,8,0
BRDA:218,14,9,0
BRDA:248,15,0,0
BRDA:252,16,0,0
BRDA:252,16,1,0
BRF:41
BRH:0
end_of_record
TN:
SF:src\components\common\RichTextEditor\utils\eventEntityUtils.ts
FN:12,(anonymous_0)
FN:18,(anonymous_1)
FN:35,(anonymous_2)
FN:72,(anonymous_3)
FNF:4
FNH:0
FNDA:0,(anonymous_0)
FNDA:0,(anonymous_1)
FNDA:0,(anonymous_2)
FNDA:0,(anonymous_3)
DA:12,0
DA:17,0
DA:19,0
DA:20,0
DA:35,0
DA:42,0
DA:43,0
DA:45,0
DA:46,0
DA:47,0
DA:48,0
DA:49,0
DA:51,0
DA:52,0
DA:53,0
DA:55,0
DA:58,0
DA:59,0
DA:60,0
DA:62,0
DA:72,0
DA:81,0
DA:82,0
DA:83,0
DA:85,0
DA:92,0
DA:98,0
DA:102,0
DA:103,0
DA:106,0
DA:108,0
DA:109,0
DA:117,0
DA:118,0
DA:126,0
DA:132,0
DA:133,0
LF:37
LH:0
BRDA:21,0,0,0
BRDA:21,0,1,0
BRDA:43,1,0,0
BRDA:43,1,1,0
BRDA:55,2,0,0
BRDA:55,2,1,0
BRDA:58,3,0,0
BRDA:58,3,1,0
BRDA:103,4,0,0
BRDA:103,4,1,0
BRDA:106,5,0,0
BRDA:106,5,1,0
BRDA:108,6,0,0
BRDA:108,6,1,0
BRF:14
BRH:0
end_of_record
TN:
SF:src\components\common\RichTextEditor\utils\imageUtils.ts
FN:17,(anonymous_0)
FN:50,(anonymous_1)
FN:93,(anonymous_2)
FN:112,(anonymous_3)
FNF:4
FNH:0
FNDA:0,(anonymous_0)
FNDA:0,(anonymous_1)
FNDA:0,(anonymous_2)
FNDA:0,(anonymous_3)
DA:17,0
DA:23,0
DA:26,0
DA:32,0
DA:35,0
DA:41,0
DA:50,0
DA:54,0
DA:55,0
DA:58,0
DA:59,0
DA:62,0
DA:68,0
DA:71,0
DA:74,0
DA:75,0
DA:78,0
DA:82,0
DA:84,0
DA:93,0
DA:97,0
DA:99,0
DA:100,0
DA:102,0
DA:103,0
DA:112,0
DA:116,0
DA:118,0
DA:119,0
DA:121,0
DA:122,0
LF:31
LH:0
BRDA:20,0,0,0
BRDA:29,1,0,0
BRDA:29,1,1,0
BRDA:59,2,0,0
BRDA:59,2,1,0
BRDA:74,3,0,0
BRDA:74,3,1,0
BRDA:97,4,0,0
BRDA:97,4,1,0
BRDA:100,5,0,0
BRDA:100,5,1,0
BRDA:116,6,0,0
BRDA:116,6,1,0
BRDA:119,7,0,0
BRDA:119,7,1,0
BRF:15
BRH:0
end_of_record
TN:
SF:src\components\common\RichTextEditor\utils\keyboardUtils.ts
FN:6,(anonymous_0)
FN:41,(anonymous_1)
FNF:2
FNH:0
FNDA:0,(anonymous_0)
FNDA:0,(anonymous_1)
DA:6,0
DA:8,0
DA:9,0
DA:11,0
DA:12,0
DA:14,0
DA:15,0
DA:17,0
DA:18,0
DA:20,0
DA:21,0
DA:22,0
DA:24,0
DA:26,0
DA:27,0
DA:28,0
DA:30,0
DA:35,0
DA:41,0
DA:58,0
DA:61,0
DA:63,0
DA:64,0
DA:66,0
DA:67,0
DA:69,0
DA:70,0
DA:71,0
DA:73,0
DA:75,0
DA:76,0
DA:77,0
DA:78,0
DA:80,0
DA:82,0
DA:83,0
DA:84,0
DA:85,0
DA:87,0
DA:91,0
DA:92,0
DA:93,0
DA:94,0
DA:97,0
LF:44
LH:0
BRDA:8,0,0,0
BRDA:8,0,1,0
BRDA:8,1,0,0
BRDA:8,1,1,0
BRDA:9,2,0,0
BRDA:9,2,1,0
BRDA:9,2,2,0
BRDA:9,2,3,0
BRDA:9,2,4,0
BRDA:12,3,0,0
BRDA:12,3,1,0
BRDA:20,4,0,0
BRDA:20,4,1,0
BRDA:26,5,0,0
BRDA:26,5,1,0
BRDA:61,6,0,0
BRDA:61,6,1,0
BRDA:61,6,2,0
BRDA:61,6,3,0
BRDA:61,6,4,0
BRDA:69,7,0,0
BRDA:69,7,1,0
BRDA:76,8,0,0
BRDA:76,8,1,0
BRDA:83,9,0,0
BRDA:83,9,1,0
BRDA:92,10,0,0
BRDA:92,10,1,0
BRF:28
BRH:0
end_of_record
TN:
SF:src\components\common\RichTextEditor\utils\linkDialogUtils.ts
FN:8,(anonymous_0)
FN:66,(anonymous_1)
FN:74,(anonymous_2)
FNF:3
FNH:0
FNDA:0,(anonymous_0)
FNDA:0,(anonymous_1)
FNDA:0,(anonymous_2)
DA:8,0
DA:17,0
DA:18,0
DA:19,0
DA:22,0
DA:23,0
DA:26,0
DA:27,0
DA:29,0
DA:30,0
DA:32,0
DA:33,0
DA:34,0
DA:37,0
DA:38,0
DA:41,0
DA:42,0
DA:44,0
DA:45,0
DA:48,0
DA:49,0
DA:51,0
DA:53,0
DA:54,0
DA:56,0
DA:57,0
DA:60,0
DA:61,0
DA:62,0
DA:66,0
DA:67,0
DA:74,0
DA:79,0
DA:80,0
DA:81,0
LF:35
LH:0
BRDA:18,0,0,0
BRDA:18,0,1,0
BRDA:27,1,0,0
BRDA:27,1,1,0
BRDA:32,2,0,0
BRDA:32,2,1,0
BRDA:41,3,0,0
BRDA:41,3,1,0
BRDA:44,4,0,0
BRDA:44,4,1,0
BRDA:54,5,0,0
BRDA:54,5,1,0
BRF:12
BRH:0
end_of_record
TN:
SF:src\components\common\RichTextEditor\utils\linkUtils.ts
FN:6,(anonymous_0)
FN:45,(anonymous_1)
FN:79,(anonymous_2)
FN:115,(anonymous_3)
FN:116,(anonymous_4)
FN:148,(anonymous_5)
FN:200,(anonymous_6)
FN:265,(anonymous_7)
FN:267,(anonymous_8)
FNF:9
FNH:0
FNDA:0,(anonymous_0)
FNDA:0,(anonymous_1)
FNDA:0,(anonymous_2)
FNDA:0,(anonymous_3)
FNDA:0,(anonymous_4)
FNDA:0,(anonymous_5)
FNDA:0,(anonymous_6)
FNDA:0,(anonymous_7)
FNDA:0,(anonymous_8)
DA:6,0
DA:12,0
DA:13,0
DA:14,0
DA:17,0
DA:18,0
DA:19,0
DA:23,0
DA:24,0
DA:25,0
DA:27,0
DA:28,0
DA:29,0
DA:30,0
DA:32,0
DA:35,0
DA:38,0
DA:45,0
DA:46,0
DA:47,0
DA:48,0
DA:49,0
DA:50,0
DA:51,0
DA:54,0
DA:55,0
DA:58,0
DA:60,0
DA:61,0
DA:62,0
DA:63,0
DA:69,0
DA:72,0
DA:79,0
DA:80,0
DA:81,0
DA:84,0
DA:85,0
DA:86,0
DA:87,0
DA:89,0
DA:91,0
DA:92,0
DA:93,0
DA:96,0
DA:97,0
DA:98,0
DA:102,0
DA:103,0
DA:106,0
DA:111,0
DA:114,0
DA:115,0
DA:116,0
DA:118,0
DA:119,0
DA:120,0
DA:121,0
DA:123,0
DA:125,0
DA:126,0
DA:128,0
DA:129,0
DA:131,0
DA:134,0
DA:138,0
DA:141,0
DA:148,0
DA:153,0
DA:154,0
DA:157,0
DA:162,0
DA:165,0
DA:167,0
DA:169,0
DA:179,0
DA:181,0
DA:190,0
DA:200,0
DA:201,0
DA:202,0
DA:204,0
DA:206,0
DA:207,0
DA:213,0
DA:220,0
DA:221,0
DA:222,0
DA:223,0
DA:224,0
DA:227,0
DA:228,0
DA:231,0
DA:232,0
DA:234,0
DA:235,0
DA:239,0
DA:245,0
DA:251,0
DA:259,0
DA:265,0
DA:266,0
DA:268,0
DA:269,0
LF:104
LH:0
BRDA:18,0,0,0
BRDA:18,0,1,0
BRDA:24,1,0,0
BRDA:24,1,1,0
BRDA:28,2,0,0
BRDA:28,2,1,0
BRDA:28,3,0,0
BRDA:28,3,1,0
BRDA:54,4,0,0
BRDA:54,4,1,0
BRDA:60,5,0,0
BRDA:60,5,1,0
BRDA:62,6,0,0
BRDA:62,6,1,0
BRDA:80,7,0,0
BRDA:80,7,1,0
BRDA:89,8,0,0
BRDA:89,8,1,0
BRDA:97,9,0,0
BRDA:97,9,1,0
BRDA:123,10,0,0
BRDA:123,10,1,0
BRDA:123,11,0,0
BRDA:123,11,1,0
BRDA:126,12,0,0
BRDA:126,12,1,0
BRDA:129,13,0,0
BRDA:129,13,1,0
BRDA:165,14,0,0
BRDA:165,14,1,0
BRDA:167,15,0,0
BRDA:167,15,1,0
BRDA:204,16,0,0
BRDA:204,16,1,0
BRDA:221,17,0,0
BRDA:221,17,1,0
BRDA:231,18,0,0
BRDA:231,18,1,0
BRDA:234,19,0,0
BRDA:234,19,1,0
BRDA:270,20,0,0
BRDA:270,20,1,0
BRF:42
BRH:0
end_of_record
TN:
SF:src\components\common\RichTextEditor\utils\localStorage.ts
FN:18,safeGetLocalStorage
FN:37,safeSetLocalStorage
FN:54,updateRecentColors
FN:60,(anonymous_3)
FN:70,loadRecentColors
FN:80,saveRecentColors
FNF:6
FNH:0
FNDA:0,safeGetLocalStorage
FNDA:0,safeSetLocalStorage
FNDA:0,updateRecentColors
FNDA:0,(anonymous_3)
FNDA:0,loadRecentColors
FNDA:0,saveRecentColors
DA:19,0
DA:20,0
DA:21,0
DA:22,0
DA:24,0
DA:26,0
DA:27,0
DA:38,0
DA:39,0
DA:40,0
DA:42,0
DA:43,0
DA:60,0
DA:62,0
DA:71,0
DA:81,0
LF:16
LH:0
BRDA:21,0,0,0
BRDA:21,0,1,0
BRDA:57,1,0,0
BRF:3
BRH:0
end_of_record
TN:
SF:src\components\common\RichTextEditor\utils\noteEntityUtils.ts
FN:11,(anonymous_0)
FN:17,(anonymous_1)
FN:38,(anonymous_2)
FN:77,(anonymous_3)
FNF:4
FNH:0
FNDA:0,(anonymous_0)
FNDA:0,(anonymous_1)
FNDA:0,(anonymous_2)
FNDA:0,(anonymous_3)
DA:11,0
DA:16,0
DA:18,0
DA:19,0
DA:38,0
DA:45,0
DA:46,0
DA:48,0
DA:49,0
DA:50,0
DA:51,0
DA:52,0
DA:55,0
DA:56,0
DA:57,0
DA:59,0
DA:63,0
DA:64,0
DA:65,0
DA:67,0
DA:77,0
DA:84,0
DA:85,0
DA:86,0
DA:89,0
DA:97,0
DA:103,0
DA:108,0
DA:109,0
DA:112,0
DA:116,0
DA:117,0
DA:126,0
DA:127,0
DA:135,0
DA:141,0
DA:142,0
LF:37
LH:0
BRDA:20,0,0,0
BRDA:20,0,1,0
BRDA:46,1,0,0
BRDA:46,1,1,0
BRDA:59,2,0,0
BRDA:59,2,1,0
BRDA:63,3,0,0
BRDA:63,3,1,0
BRDA:109,4,0,0
BRDA:109,4,1,0
BRDA:112,5,0,0
BRDA:112,5,1,0
BRDA:116,6,0,0
BRDA:116,6,1,0
BRF:14
BRH:0
end_of_record
TN:
SF:src\components\common\RichTextEditor\utils\selectionUtils.ts
FN:21,getSelectionRect
FN:46,hasValidSelection
FN:65,calculateToolbarPosition
FN:113,getToolbarDimensions
FN:141,isClickOutside
FN:142,(anonymous_5)
FNF:6
FNH:0
FNDA:0,getSelectionRect
FNDA:0,hasValidSelection
FNDA:0,calculateToolbarPosition
FNDA:0,getToolbarDimensions
FNDA:0,isClickOutside
FNDA:0,(anonymous_5)
DA:22,0
DA:23,0
DA:24,0
DA:25,0
DA:27,0
DA:28,0
DA:31,0
DA:32,0
DA:35,0
DA:37,0
DA:38,0
DA:47,0
DA:48,0
DA:49,0
DA:51,0
DA:52,0
DA:72,0
DA:75,0
DA:78,0
DA:79,0
DA:82,0
DA:83,0
DA:86,0
DA:87,0
DA:90,0
DA:91,0
DA:95,0
DA:96,0
DA:99,0
DA:102,0
DA:114,0
DA:115,0
DA:118,0
DA:120,0
DA:123,0
DA:125,0
DA:128,0
DA:130,0
DA:131,0
DA:142,0
DA:143,0
DA:144,0
DA:145,0
DA:147,0
DA:148,0
LF:45
LH:0
BRDA:24,0,0,0
BRDA:24,0,1,0
BRDA:24,1,0,0
BRDA:24,1,1,0
BRDA:24,1,2,0
BRDA:31,2,0,0
BRDA:31,2,1,0
BRDA:31,3,0,0
BRDA:31,3,1,0
BRDA:49,4,0,0
BRDA:49,4,1,0
BRDA:49,4,2,0
BRDA:90,5,0,0
BRDA:90,5,1,0
BRDA:114,6,0,0
BRDA:114,6,1,0
BRDA:123,7,0,0
BRDA:123,7,1,0
BRDA:124,8,0,0
BRDA:124,8,1,0
BRDA:125,9,0,0
BRDA:125,9,1,0
BRDA:126,10,0,0
BRDA:126,10,1,0
BRDA:143,11,0,0
BRDA:143,11,1,0
BRF:26
BRH:0
end_of_record
TN:
SF:src\components\common\RichTextEditor\utils\styleUtils.ts
FN:7,(anonymous_0)
FN:15,(anonymous_1)
FN:26,(anonymous_2)
FN:48,(anonymous_3)
FNF:4
FNH:0
FNDA:0,(anonymous_0)
FNDA:0,(anonymous_1)
FNDA:0,(anonymous_2)
FNDA:0,(anonymous_3)
DA:7,0
DA:12,0
DA:15,0
DA:16,0
DA:18,0
DA:21,0
DA:26,0
DA:27,0
DA:31,0
DA:33,0
DA:42,0
DA:48,0
DA:49,0
LF:13
LH:0
BRDA:16,0,0,0
BRDA:16,0,1,0
BRDA:18,1,0,0
BRDA:18,1,1,0
BRDA:18,2,0,0
BRDA:18,2,1,0
BRDA:27,3,0,0
BRDA:27,3,1,0
BRDA:31,4,0,0
BRDA:31,4,1,0
BRF:10
BRH:0
end_of_record
TN:
SF:src\components\common\RichTextEditor\utils\tagEntityUtils.ts
FN:8,(anonymous_0)
FN:14,(anonymous_1)
FN:28,(anonymous_2)
FN:93,(anonymous_3)
FN:131,(anonymous_4)
FNF:5
FNH:0
FNDA:0,(anonymous_0)
FNDA:0,(anonymous_1)
FNDA:0,(anonymous_2)
FNDA:0,(anonymous_3)
FNDA:0,(anonymous_4)
DA:8,0
DA:13,0
DA:15,0
DA:16,0
DA:28,0
DA:32,0
DA:33,0
DA:36,0
DA:42,0
DA:47,0
DA:48,0
DA:49,0
DA:50,0
DA:53,0
DA:55,0
DA:56,0
DA:65,0
DA:66,0
DA:74,0
DA:80,0
DA:81,0
DA:93,0
DA:100,0
DA:101,0
DA:103,0
DA:104,0
DA:105,0
DA:106,0
DA:107,0
DA:110,0
DA:111,0
DA:112,0
DA:114,0
DA:117,0
DA:118,0
DA:119,0
DA:121,0
DA:131,0
DA:137,0
DA:138,0
DA:139,0
DA:143,0
DA:149,0
DA:155,0
DA:159,0
DA:160,0
DA:163,0
DA:165,0
DA:166,0
DA:175,0
DA:176,0
DA:184,0
DA:190,0
DA:191,0
DA:195,0
DA:196,0
LF:56
LH:0
BRDA:17,0,0,0
BRDA:17,0,1,0
BRDA:50,1,0,0
BRDA:50,1,1,0
BRDA:53,2,0,0
BRDA:53,2,1,0
BRDA:55,3,0,0
BRDA:55,3,1,0
BRDA:101,4,0,0
BRDA:101,4,1,0
BRDA:114,5,0,0
BRDA:114,5,1,0
BRDA:117,6,0,0
BRDA:117,6,1,0
BRDA:160,7,0,0
BRDA:160,7,1,0
BRDA:163,8,0,0
BRDA:163,8,1,0
BRDA:165,9,0,0
BRDA:165,9,1,0
BRF:20
BRH:0
end_of_record
TN:
SF:src\components\common\RichTextEditor\utils\tradeEntityUtils.ts
FN:24,(anonymous_0)
FN:30,(anonymous_1)
FN:46,(anonymous_2)
FN:75,(anonymous_3)
FNF:4
FNH:0
FNDA:0,(anonymous_0)
FNDA:0,(anonymous_1)
FNDA:0,(anonymous_2)
FNDA:0,(anonymous_3)
DA:24,0
DA:29,0
DA:31,0
DA:32,0
DA:46,0
DA:50,0
DA:51,0
DA:52,0
DA:53,0
DA:54,0
DA:62,0
DA:63,0
DA:64,0
DA:67,0
DA:75,0
DA:79,0
DA:80,0
DA:82,0
DA:87,0
DA:89,0
DA:90,0
DA:91,0
DA:92,0
DA:95,0
DA:97,0
DA:98,0
DA:104,0
DA:113,0
DA:114,0
DA:122,0
DA:128,0
LF:31
LH:0
BRDA:33,0,0,0
BRDA:33,0,1,0
BRDA:53,1,0,0
BRDA:53,1,1,0
BRDA:62,2,0,0
BRDA:62,2,1,0
BRDA:92,3,0,0
BRDA:92,3,1,0
BRDA:95,4,0,0
BRDA:95,4,1,0
BRDA:98,5,0,0
BRDA:98,5,1,0
BRF:12
BRH:0
end_of_record
TN:
SF:src\components\faq\FAQContent.tsx
FN:39,(anonymous_0)
FN:45,(anonymous_1)
FN:47,(anonymous_2)
FN:57,(anonymous_3)
FN:59,(anonymous_4)
FN:60,(anonymous_5)
FN:84,(anonymous_6)
FN:105,(anonymous_7)
FN:110,(anonymous_8)
FN:119,(anonymous_9)
FN:158,(anonymous_10)
FN:198,(anonymous_11)
FN:204,(anonymous_12)
FNF:13
FNH:0
FNDA:0,(anonymous_0)
FNDA:0,(anonymous_1)
FNDA:0,(anonymous_2)
FNDA:0,(anonymous_3)
FNDA:0,(anonymous_4)
FNDA:0,(anonymous_5)
FNDA:0,(anonymous_6)
FNDA:0,(anonymous_7)
FNDA:0,(anonymous_8)
FNDA:0,(anonymous_9)
FNDA:0,(anonymous_10)
FNDA:0,(anonymous_11)
FNDA:0,(anonymous_12)
DA:31,0
DA:39,0
DA:40,0
DA:41,0
DA:42,0
DA:43,0
DA:45,0
DA:46,0
DA:47,0
DA:48,0
DA:49,0
DA:50,0
DA:57,0
DA:58,0
DA:59,0
DA:60,0
DA:61,0
DA:64,0
DA:66,0
DA:84,0
DA:105,0
DA:111,0
DA:112,0
DA:119,0
DA:159,0
DA:160,0
DA:161,0
DA:199,0
DA:200,0
DA:205,0
LF:30
LH:0
BRDA:48,0,0,0
BRDA:48,0,1,0
BRDA:48,1,0,0
BRDA:48,1,1,0
BRDA:49,2,0,0
BRDA:49,2,1,0
BRDA:51,3,0,0
BRDA:51,3,1,0
BRDA:106,4,0,0
BRDA:106,4,1,0
BRDA:107,5,0,0
BRDA:107,5,1,0
BRDA:120,6,0,0
BRDA:120,6,1,0
BRDA:121,7,0,0
BRDA:121,7,1,0
BRDA:140,8,0,0
BRDA:140,8,1,0
BRDA:159,9,0,0
BRDA:159,9,1,0
BRDA:160,10,0,0
BRDA:160,10,1,0
BRDA:205,11,0,0
BRDA:205,11,1,0
BRF:24
BRH:0
end_of_record
TN:
SF:src\components\faq\FAQDrawer.tsx
FN:12,(anonymous_0)
FNF:1
FNH:0
FNDA:0,(anonymous_0)
DA:12,0
DA:13,0
LF:2
LH:0
BRF:0
BRH:0
end_of_record
TN:
SF:src\components\faq\faqData.ts
FNF:0
FNH:0
DA:21,0
DA:49,0
LF:2
LH:0
BRF:0
BRH:0
end_of_record
TN:
SF:src\components\heroImage\ImagePickerDialog.tsx
FN:36,(anonymous_0)
FN:52,(anonymous_1)
FNF:2
FNH:0
FNDA:0,(anonymous_0)
FNDA:0,(anonymous_1)
DA:36,0
DA:42,0
DA:50,0
DA:52,0
DA:53,0
DA:54,0
DA:62,0
DA:65,0
LF:8
LH:0
BRDA:40,0,0,0
BRF:1
BRH:0
end_of_record
TN:
SF:src\components\heroImage\UnsplashImagePicker.tsx
FN:69,(anonymous_0)
FN:72,(anonymous_1)
FN:73,(anonymous_2)
FN:90,(anonymous_3)
FN:122,(anonymous_4)
FN:125,(anonymous_5)
FN:126,(anonymous_6)
FN:132,(anonymous_7)
FN:182,(anonymous_8)
FN:187,(anonymous_9)
FN:201,(anonymous_10)
FN:233,(anonymous_11)
FN:234,(anonymous_12)
FN:247,(anonymous_13)
FN:291,(anonymous_14)
FN:316,(anonymous_15)
FN:322,(anonymous_16)
FN:412,(anonymous_17)
FN:421,(anonymous_18)
FN:426,(anonymous_19)
FN:427,(anonymous_20)
FNF:21
FNH:0
FNDA:0,(anonymous_0)
FNDA:0,(anonymous_1)
FNDA:0,(anonymous_2)
FNDA:0,(anonymous_3)
FNDA:0,(anonymous_4)
FNDA:0,(anonymous_5)
FNDA:0,(anonymous_6)
FNDA:0,(anonymous_7)
FNDA:0,(anonymous_8)
FNDA:0,(anonymous_9)
FNDA:0,(anonymous_10)
FNDA:0,(anonymous_11)
FNDA:0,(anonymous_12)
FNDA:0,(anonymous_13)
FNDA:0,(anonymous_14)
FNDA:0,(anonymous_15)
FNDA:0,(anonymous_16)
FNDA:0,(anonymous_17)
FNDA:0,(anonymous_18)
FNDA:0,(anonymous_19)
FNDA:0,(anonymous_20)
DA:35,0
DA:69,0
DA:70,0
DA:72,0
DA:73,0
DA:90,0
DA:102,0
DA:113,0
DA:115,0
DA:116,0
DA:117,0
DA:118,0
DA:120,0
DA:122,0
DA:123,0
DA:124,0
DA:125,0
DA:126,0
DA:128,0
DA:131,0
DA:133,0
DA:134,0
DA:135,0
DA:137,0
DA:138,0
DA:139,0
DA:140,0
DA:141,0
DA:142,0
DA:143,0
DA:146,0
DA:147,0
DA:148,0
DA:149,0
DA:150,0
DA:151,0
DA:152,0
DA:155,0
DA:160,0
DA:161,0
DA:162,0
DA:163,0
DA:165,0
DA:166,0
DA:167,0
DA:168,0
DA:171,0
DA:172,0
DA:173,0
DA:174,0
DA:176,0
DA:182,0
DA:183,0
DA:184,0
DA:187,0
DA:188,0
DA:189,0
DA:190,0
DA:194,0
DA:197,0
DA:201,0
DA:202,0
DA:203,0
DA:204,0
DA:208,0
DA:210,0
DA:217,0
DA:233,0
DA:234,0
DA:247,0
DA:292,0
DA:293,0
DA:294,0
DA:317,0
DA:318,0
DA:319,0
DA:322,0
DA:413,0
DA:422,0
DA:426,0
DA:428,0
DA:429,0
DA:430,0
LF:83
LH:0
BRDA:72,0,0,0
BRDA:72,0,1,0
BRDA:92,1,0,0
BRDA:93,2,0,0
BRDA:94,3,0,0
BRDA:95,4,0,0
BRDA:96,5,0,0
BRDA:97,6,0,0
BRDA:99,7,0,0
BRDA:100,8,0,0
BRDA:126,9,0,0
BRDA:126,9,1,0
BRDA:133,10,0,0
BRDA:133,10,1,0
BRDA:139,11,0,0
BRDA:139,11,1,0
BRDA:146,12,0,0
BRDA:146,12,1,0
BRDA:160,13,0,0
BRDA:160,13,1,0
BRDA:188,14,0,0
BRDA:188,14,1,0
BRDA:188,15,0,0
BRDA:188,15,1,0
BRDA:203,16,0,0
BRDA:203,16,1,0
BRDA:211,17,0,0
BRDA:211,17,1,0
BRDA:212,18,0,0
BRDA:212,18,1,0
BRDA:213,19,0,0
BRDA:213,19,1,0
BRDA:234,20,0,0
BRDA:234,20,1,0
BRDA:248,21,0,0
BRDA:248,21,1,0
BRDA:252,22,0,0
BRDA:252,22,1,0
BRDA:268,23,0,0
BRDA:268,23,1,0
BRDA:288,24,0,0
BRDA:288,24,1,0
BRDA:288,24,2,0
BRDA:325,25,0,0
BRDA:325,25,1,0
BRDA:344,26,0,0
BRDA:344,26,1,0
BRDA:344,26,2,0
BRDA:346,27,0,0
BRDA:346,27,1,0
BRDA:372,28,0,0
BRDA:372,28,1,0
BRDA:372,29,0,0
BRDA:372,29,1,0
BRDA:406,30,0,0
BRDA:406,30,1,0
BRDA:411,31,0,0
BRDA:411,31,1,0
BRDA:428,32,0,0
BRDA:428,32,1,0
BRDA:428,33,0,0
BRDA:428,33,1,0
BRDA:455,34,0,0
BRDA:455,34,1,0
BRF:64
BRH:0
end_of_record
TN:
SF:src\components\heroImage\heroImageUtils.ts
FN:7,(anonymous_0)
FN:13,(anonymous_1)
FN:28,(anonymous_2)
FN:29,(anonymous_3)
FN:31,(anonymous_4)
FN:32,(anonymous_5)
FN:40,(anonymous_6)
FNF:7
FNH:0
FNDA:0,(anonymous_0)
FNDA:0,(anonymous_1)
FNDA:0,(anonymous_2)
FNDA:0,(anonymous_3)
FNDA:0,(anonymous_4)
FNDA:0,(anonymous_5)
FNDA:0,(anonymous_6)
DA:7,0
DA:12,0
DA:13,0
DA:14,0
DA:20,0
DA:21,0
DA:28,0
DA:29,0
DA:30,0
DA:31,0
DA:32,0
DA:33,0
DA:40,0
DA:41,0
DA:42,0
DA:45,0
DA:56,0
LF:17
LH:0
BRDA:16,0,0,0
BRDA:16,0,1,0
BRDA:41,1,0,0
BRDA:41,1,1,0
BRDA:48,2,0,0
BRDA:48,2,1,0
BRF:6
BRH:0
end_of_record
TN:
SF:src\components\landing\EdgeDiscoveryOverlay.tsx
FN:79,(anonymous_0)
FN:81,(anonymous_1)
FN:115,(anonymous_2)
FN:120,(anonymous_3)
FN:136,(anonymous_4)
FN:160,(anonymous_5)
FN:164,(anonymous_6)
FN:165,(anonymous_7)
FN:165,(anonymous_8)
FN:176,(anonymous_9)
FN:185,(anonymous_10)
FN:190,(anonymous_11)
FN:196,(anonymous_12)
FN:203,(anonymous_13)
FN:206,(anonymous_14)
FN:211,(anonymous_15)
FN:219,(anonymous_16)
FN:221,(anonymous_17)
FN:251,(anonymous_18)
FNF:19
FNH:0
FNDA:0,(anonymous_0)
FNDA:0,(anonymous_1)
FNDA:0,(anonymous_2)
FNDA:0,(anonymous_3)
FNDA:0,(anonymous_4)
FNDA:0,(anonymous_5)
FNDA:0,(anonymous_6)
FNDA:0,(anonymous_7)
FNDA:0,(anonymous_8)
FNDA:0,(anonymous_9)
FNDA:0,(anonymous_10)
FNDA:0,(anonymous_11)
FNDA:0,(anonymous_12)
FNDA:0,(anonymous_13)
FNDA:0,(anonymous_14)
FNDA:0,(anonymous_15)
FNDA:0,(anonymous_16)
FNDA:0,(anonymous_17)
FNDA:0,(anonymous_18)
DA:38,0
DA:79,0
DA:81,0
DA:82,0
DA:83,0
DA:84,0
DA:85,0
DA:87,0
DA:90,0
DA:91,0
DA:92,0
DA:94,0
DA:104,0
DA:115,0
DA:116,0
DA:117,0
DA:118,0
DA:120,0
DA:121,0
DA:122,0
DA:123,0
DA:125,0
DA:126,0
DA:127,0
DA:129,0
DA:132,0
DA:133,0
DA:134,0
DA:136,0
DA:137,0
DA:138,0
DA:139,0
DA:140,0
DA:141,0
DA:142,0
DA:146,0
DA:147,0
DA:148,0
DA:149,0
DA:150,0
DA:151,0
DA:160,0
DA:161,0
DA:162,0
DA:164,0
DA:165,0
DA:167,0
DA:170,0
DA:174,0
DA:175,0
DA:176,0
DA:177,0
DA:178,0
DA:180,0
DA:181,0
DA:182,0
DA:183,0
DA:185,0
DA:186,0
DA:188,0
DA:190,0
DA:191,0
DA:192,0
DA:193,0
DA:196,0
DA:197,0
DA:198,0
DA:199,0
DA:201,0
DA:202,0
DA:203,0
DA:204,0
DA:205,0
DA:206,0
DA:211,0
DA:212,0
DA:213,0
[...]
BRDA:471,49,0,0
BRDA:471,49,1,0
BRDA:474,50,0,0
BRDA:474,50,1,0
BRDA:492,51,0,0
BRDA:492,51,1,0
BRDA:498,52,0,0
BRDA:498,52,1,0
BRDA:498,53,0,0
BRDA:498,53,1,0
BRDA:507,54,0,0
BRDA:507,54,1,0
BRDA:507,55,0,0
BRDA:507,55,1,0
BRDA:507,55,2,0
BRDA:519,56,0,0
BRDA:519,56,1,0
BRDA:524,57,0,0
BRDA:524,57,1,0
BRDA:537,58,0,0
BRDA:537,58,1,0
BRDA:543,59,0,0
BRDA:543,59,1,0
BRDA:544,60,0,0
BRDA:544,60,1,0
BRDA:584,61,0,0
BRDA:584,61,1,0
BRDA:584,62,0,0
BRDA:584,62,1,0
BRDA:597,63,0,0
BRDA:597,63,1,0
BRDA:610,64,0,0
BRDA:610,64,1,0
BRDA:616,65,0,0
BRDA:616,65,1,0
BRDA:617,66,0,0
BRDA:617,66,1,0
BRDA:621,67,0,0
BRDA:621,67,1,0
BRDA:621,68,0,0
BRDA:621,68,1,0
BRDA:623,69,0,0
BRDA:623,69,1,0
BRDA:663,70,0,0
BRDA:663,70,1,0
BRDA:673,71,0,0
BRDA:673,71,1,0
BRDA:679,72,0,0
BRDA:679,72,1,0
BRDA:680,73,0,0
BRDA:680,73,1,0
BRDA:684,74,0,0
BRDA:684,74,1,0
BRDA:684,75,0,0
BRDA:684,75,1,0
BRDA:686,76,0,0
BRDA:686,76,1,0
BRDA:733,77,0,0
BRDA:733,77,1,0
BRDA:738,78,0,0
BRDA:738,78,1,0
BRDA:761,79,0,0
BRDA:762,80,0,0
BRDA:792,81,0,0
BRDA:792,81,1,0
BRDA:797,82,0,0
BRDA:797,82,1,0
BRDA:798,83,0,0
BRDA:798,83,1,0
BRDA:829,84,0,0
BRDA:833,85,0,0
BRDA:833,85,1,0
BRDA:835,86,0,0
BRDA:835,86,1,0
BRDA:862,87,0,0
BRDA:862,87,1,0
BRDA:871,88,0,0
BRDA:871,88,1,0
BRDA:908,89,0,0
BRDA:911,90,0,0
BRDA:911,90,1,0
BRDA:923,91,0,0
BRDA:923,91,1,0
BRDA:923,92,0,0
BRDA:923,92,1,0
BRDA:930,93,0,0
BRDA:930,93,1,0
BRDA:935,94,0,0
BRDA:935,94,1,0
BRDA:938,95,0,0
BRDA:938,95,1,0
BRDA:939,96,0,0
BRDA:939,96,1,0
BRDA:940,97,0,0
BRDA:940,97,1,0
BRDA:941,98,0,0
BRDA:941,98,1,0
BRDA:942,99,0,0
BRDA:942,99,1,0
BRDA:943,100,0,0
BRDA:943,100,1,0
BRDA:945,101,0,0
BRDA:945,101,1,0
BRDA:946,102,0,0
BRDA:946,102,1,0
BRDA:947,103,0,0
BRDA:947,103,1,0
BRDA:948,104,0,0
BRDA:948,104,1,0
BRDA:949,105,0,0
BRDA:949,105,1,0
BRDA:950,106,0,0
BRDA:950,106,1,0
BRDA:951,107,0,0
BRDA:951,107,1,0
BRDA:952,108,0,0
BRDA:952,108,1,0
BRDA:976,109,0,0
BRDA:976,109,1,0
BRDA:986,110,0,0
BRDA:986,110,1,0
BRDA:992,111,0,0
BRDA:992,111,1,0
BRDA:1002,112,0,0
BRDA:1002,112,1,0
BRDA:1035,113,0,0
BRDA:1037,114,0,0
BRDA:1037,114,1,0
BRDA:1056,115,0,0
BRDA:1056,115,1,0
BRDA:1057,116,0,0
BRDA:1057,116,1,0
BRDA:1058,117,0,0
BRDA:1058,117,1,0
BRDA:1059,118,0,0
BRDA:1059,118,1,0
BRDA:1060,119,0,0
BRDA:1060,119,1,0
BRDA:1061,120,0,0
BRDA:1061,120,1,0
BRDA:1063,121,0,0
BRDA:1063,121,1,0
BRDA:1064,122,0,0
BRDA:1064,122,1,0
BRDA:1065,123,0,0
BRDA:1065,123,1,0
BRDA:1066,124,0,0
BRDA:1066,124,1,0
BRDA:1067,125,0,0
BRDA:1067,125,1,0
BRDA:1068,126,0,0
BRDA:1068,126,1,0
BRDA:1069,127,0,0
BRDA:1069,127,1,0
BRDA:1070,128,0,0
BRDA:1070,128,1,0
BRDA:1071,129,0,0
BRDA:1071,129,1,0
BRDA:1097,130,0,0
BRDA:1097,130,1,0
BRDA:1107,131,0,0
BRDA:1107,131,1,0
BRDA:1113,132,0,0
BRDA:1113,132,1,0
BRDA:1123,133,0,0
BRDA:1123,133,1,0
BRDA:1156,134,0,0
BRDA:1156,134,1,0
BRDA:1156,135,0,0
BRDA:1156,135,1,0
BRDA:1161,136,0,0
BRDA:1161,136,1,0
BRDA:1164,137,0,0
BRDA:1164,137,1,0
BRDA:1170,138,0,0
BRDA:1170,138,1,0
BRDA:1176,139,0,0
BRDA:1176,139,1,0
BRDA:1192,140,0,0
BRDA:1192,140,1,0
BRDA:1192,141,0,0
BRDA:1192,141,1,0
BRDA:1197,142,0,0
BRDA:1197,142,1,0
BRDA:1203,143,0,0
BRDA:1203,143,1,0
BRDA:1220,144,0,0
BRDA:1220,144,1,0
BRDA:1230,145,0,0
BRDA:1230,145,1,0
BRDA:1237,146,0,0
BRDA:1237,146,1,0
BRDA:1237,146,2,0
BRDA:1237,146,3,0
BRDA:1241,147,0,0
BRDA:1241,147,1,0
BRDA:1242,148,0,0
BRDA:1242,148,1,0
BRDA:1243,149,0,0
BRDA:1243,149,1,0
BRDA:1244,150,0,0
BRDA:1244,150,1,0
BRDA:1245,151,0,0
BRDA:1245,151,1,0
BRDA:1271,152,0,0
BRDA:1271,152,1,0
BRDA:1286,153,0,0
BRDA:1286,153,1,0
BRDA:1303,154,0,0
BRDA:1303,154,1,0
BRDA:1354,155,0,0
BRDA:1354,155,1,0
BRDA:1356,156,0,0
BRDA:1356,156,1,0
BRDA:1357,157,0,0
BRDA:1357,157,1,0
BRDA:1358,158,0,0
BRDA:1358,158,1,0
BRDA:1359,159,0,0
BRDA:1359,159,1,0
BRDA:1360,160,0,0
BRDA:1360,160,1,0
BRDA:1364,161,0,0
BRDA:1364,161,1,0
BRDA:1365,162,0,0
BRDA:1365,162,1,0
BRDA:1375,163,0,0
BRDA:1375,163,1,0
BRDA:1379,164,0,0
BRDA:1379,164,1,0
BRDA:1414,165,0,0
BRDA:1414,165,1,0
BRDA:1420,166,0,0
BRDA:1420,166,1,0
BRDA:1424,167,0,0
BRDA:1424,167,1,0
BRDA:1455,168,0,0
BRDA:1455,168,1,0
BRDA:1459,169,0,0
BRDA:1459,169,1,0
BRDA:1485,170,0,0
BRDA:1485,170,1,0
BRDA:1490,171,0,0
BRDA:1490,171,1,0
BRF:331
BRH:28
end_of_record
TN:
SF:src\styles\designTokens.ts
FN:50,getInsetSurface
FN:60,getInsetTileSx
FN:75,getCardShellSx
FNF:3
FNH:0
FNDA:0,getInsetSurface
FNDA:0,getInsetTileSx
FNDA:0,getCardShellSx
DA:18,0
DA:36,0
DA:51,0
DA:61,0
DA:76,0
LF:5
LH:0
BRDA:51,0,0,0
BRDA:51,0,1,0
BRDA:75,1,0,0
BRF:3
BRH:0
end_of_record
TN:
SF:src\styles\dialogStyles.ts
FN:14,(anonymous_0)
FNF:1
FNH:0
FNDA:0,(anonymous_0)
DA:5,0
DA:14,0
LF:2
LH:0
BRDA:18,0,0,0
BRDA:18,0,1,0
BRF:2
BRH:0
end_of_record
TN:
SF:src\styles\dialogTokens.ts
FN:55,buildTokens
FN:189,(anonymous_1)
FN:242,useDialogTokens
FN:244,(anonymous_3)
FNF:4
FNH:0
FNDA:0,buildTokens
FNDA:0,(anonymous_1)
FNDA:0,useDialogTokens
FNDA:0,(anonymous_3)
DA:18,0
DA:56,0
DA:57,0
DA:58,0
DA:61,0
DA:62,0
DA:63,0
DA:64,0
DA:65,0
DA:66,0
DA:68,0
DA:76,0
DA:85,0
DA:98,0
DA:109,0
DA:121,0
DA:127,0
DA:136,0
DA:151,0
DA:168,0
DA:176,0
DA:189,0
DA:212,0
DA:243,0
DA:244,0
LF:25
LH:0
BRDA:57,0,0,0
BRDA:57,0,1,0
BRDA:58,1,0,0
BRDA:58,1,1,0
BRDA:61,2,0,0
BRDA:61,2,1,0
BRDA:62,3,0,0
BRDA:62,3,1,0
BRDA:63,4,0,0
BRDA:63,4,1,0
BRDA:64,5,0,0
BRDA:64,5,1,0
BRDA:65,6,0,0
BRDA:65,6,1,0
BRDA:66,7,0,0
BRDA:66,7,1,0
BRDA:202,8,0,0
BRDA:202,8,1,0
BRDA:203,9,0,0
BRDA:203,9,1,0
BRDA:204,10,0,0
BRDA:204,10,1,0
BRDA:206,11,0,0
BRDA:206,11,1,0
BRDA:208,12,0,0
BRDA:208,12,1,0
BRF:26
BRH:0
end_of_record
TN:
SF:src\styles\scrollbarStyles.ts
FN:13,(anonymous_0)
FNF:1
FNH:0
FNDA:0,(anonymous_0)
DA:13,0
LF:1
LH:0
BRDA:22,0,0,0
BRDA:22,0,1,0
BRDA:27,1,0,0
BRDA:27,1,1,0
BRF:4
BRH:0
end_of_record
TN:
SF:src\styles\zIndex.ts
FNF:0
FNH:0
DA:12,0
LF:1
LH:0
BRF:0
BRH:0
end_of_record
TN:
SF:src\types\notification.ts
FN:52,isReminderFiredPayload
FN:60,isOrionTaskResultPayload
FN:68,isOrionCustomToolDisabledPayload
FNF:3
FNH:0
FNDA:0,isReminderFiredPayload
FNDA:0,isOrionTaskResultPayload
FNDA:0,isOrionCustomToolDisabledPayload
DA:55,0
DA:56,0
DA:57,0
DA:63,0
DA:64,0
DA:65,0
DA:71,0
DA:72,0
DA:73,0
LF:9
LH:0
BRDA:55,0,0,0
BRDA:55,0,1,0
BRDA:57,1,0,0
BRDA:57,1,1,0
BRDA:63,2,0,0
BRDA:63,2,1,0
BRDA:65,3,0,0
BRDA:65,3,1,0
BRDA:71,4,0,0
BRDA:71,4,1,0
BRDA:73,5,0,0
BRDA:73,5,1,0
BRF:12
BRH:0
end_of_record
TN:
SF:src\utils\fileValidation.ts
FN:18,(anonymous_0)
FN:29,(anonymous_1)
FN:58,(anonymous_2)
FN:83,(anonymous_3)
FN:88,(anonymous_4)
FN:91,(anonymous_5)
FN:94,(anonymous_6)
FNF:7
FNH:3
FNDA:6,(anonymous_0)
FNDA:8,(anonymous_1)
FNDA:7,(anonymous_2)
FNDA:0,(anonymous_3)
FNDA:0,(anonymous_4)
FNDA:0,(anonymous_5)
FNDA:0,(anonymous_6)
DA:18,1
DA:23,6
DA:24,6
DA:25,6
DA:27,6
DA:29,6
DA:31,8
DA:32,3
DA:33,3
DA:37,5
DA:38,2
DA:39,2
DA:43,3
DA:46,6
DA:58,1
DA:59,7
DA:61,6
DA:62,6
DA:63,6
DA:65,6
DA:71,1
DA:83,1
DA:88,0
DA:89,0
DA:90,0
DA:91,0
DA:92,0
DA:93,0
DA:94,0
DA:95,0
DA:96,0
DA:97,0
DA:98,0
DA:99,0
DA:100,0
DA:101,0
DA:102,0
DA:104,0
DA:106,0
DA:112,1
LF:40
LH:23
BRDA:20,0,0,2
BRDA:21,1,0,5
BRDA:31,2,0,3
BRDA:31,2,1,5
BRDA:37,3,0,2
BRDA:37,3,1,3
BRDA:59,4,0,1
BRDA:59,4,1,6
BRDA:85,5,0,0
BRDA:86,6,0,0
BRDA:100,7,0,0
BRDA:100,7,1,0
BRF:12
BRH:8
end_of_record
TN:
SF:src\utils\formatters.ts
FN:5,(anonymous_0)
FN:19,(anonymous_1)
FN:37,(anonymous_2)
FN:52,(anonymous_3)
FN:67,(anonymous_4)
FNF:5
FNH:5
FNDA:5,(anonymous_0)
FNDA:8,(anonymous_1)
FNDA:4,(anonymous_2)
FNDA:6,(anonymous_3)
FNDA:5,(anonymous_4)
DA:5,1
DA:8,5
DA:9,3
DA:11,2
DA:19,1
DA:21,8
DA:22,3
DA:25,5
DA:26,5
DA:27,3
DA:29,2
DA:37,1
DA:39,4
DA:40,3
DA:43,1
DA:52,1
DA:54,6
DA:55,3
DA:58,3
DA:67,1
DA:68,5
DA:70,1
DA:72,3
DA:74,1
DA:76,0
LF:25
LH:24
BRDA:8,0,0,3
BRDA:8,0,1,2
BRDA:8,1,0,5
BRDA:8,1,1,4
BRDA:8,1,2,3
BRDA:21,2,0,3
BRDA:21,2,1,5
BRDA:21,3,0,8
BRDA:21,3,1,7
BRDA:21,3,2,6
BRDA:26,4,0,3
BRDA:26,4,1,2
BRDA:39,5,0,3
BRDA:39,5,1,1
BRDA:39,6,0,4
BRDA:39,6,1,3
BRDA:39,6,2,2
BRDA:52,7,0,4
BRDA:54,8,0,3
BRDA:54,8,1,3
BRDA:54,9,0,6
BRDA:54,9,1,5
BRDA:54,9,2,4
BRDA:67,10,0,1
BRDA:68,11,0,1
BRDA:68,11,1,3
BRDA:68,11,2,1
BRDA:68,11,3,0
BRF:28
BRH:27
end_of_record
TN:
SF:src\utils\logger.ts
FN:25,(anonymous_0)
FN:32,(anonymous_1)
FN:48,(anonymous_2)
FN:59,(anonymous_3)
FN:75,(anonymous_4)
FN:95,(anonymous_5)
FN:104,(anonymous_6)
FN:113,(anonymous_7)
FN:120,(anonymous_8)
FN:129,(anonymous_9)
FN:138,(anonymous_10)
FN:146,(anonymous_11)
FN:154,(anonymous_12)
FN:162,(anonymous_13)
FN:170,(anonymous_14)
FN:177,(anonymous_15)
FN:185,(anonymous_16)
FN:200,(anonymous_17)
FN:201,(anonymous_18)
FN:202,(anonymous_19)
FN:203,(anonymous_20)
FN:204,(anonymous_21)
FN:205,(anonymous_22)
FN:206,(anonymous_23)
FN:207,(anonymous_24)
FNF:25
FNH:5
FNDA:4,(anonymous_0)
FNDA:4,(anonymous_1)
FNDA:0,(anonymous_2)
FNDA:2,(anonymous_3)
FNDA:0,(anonymous_4)
FNDA:0,(anonymous_5)
FNDA:1,(anonymous_6)
FNDA:0,(anonymous_7)
FNDA:0,(anonymous_8)
FNDA:1,(anonymous_9)
FNDA:0,(anonymous_10)
FNDA:0,(anonymous_11)
FNDA:0,(anonymous_12)
FNDA:0,(anonymous_13)
FNDA:0,(anonymous_14)
FNDA:0,(anonymous_15)
FNDA:0,(anonymous_16)
FNDA:0,(anonymous_17)
FNDA:0,(anonymous_18)
FNDA:0,(anonymous_19)
FNDA:0,(anonymous_20)
FNDA:0,(anonymous_21)
FNDA:0,(anonymous_22)
FNDA:0,(anonymous_23)
FNDA:0,(anonymous_24)
DA:17,4
DA:18,4
DA:26,4
DA:33,4
DA:34,4
DA:35,4
DA:36,0
DA:37,0
DA:42,4
DA:49,0
DA:50,0
DA:60,2
DA:62,0
DA:69,0
DA:76,0
DA:78,0
DA:79,0
DA:82,0
DA:83,0
DA:86,0
DA:87,0
DA:89,0
DA:96,0
DA:97,0
DA:105,1
DA:106,0
DA:114,0
DA:121,0
DA:122,0
DA:130,1
DA:131,0
DA:139,0
DA:140,0
DA:147,0
DA:148,0
DA:155,0
DA:156,0
DA:163,0
DA:164,0
DA:171,0
DA:178,0
DA:179,0
DA:186,0
DA:191,4
DA:194,4
DA:195,4
DA:196,4
DA:199,4
DA:200,0
DA:201,0
DA:202,0
DA:203,0
DA:204,0
DA:205,0
DA:206,0
DA:207,0
DA:211,4
DA:212,4
DA:213,4
LF:59
LH:18
BRDA:35,0,0,0
BRDA:35,0,1,4
BRDA:60,1,0,2
BRDA:60,1,1,0
BRDA:78,2,0,0
BRDA:78,2,1,0
BRDA:82,3,0,0
BRDA:82,3,1,0
BRDA:96,4,0,0
BRDA:96,4,1,0
BRDA:105,5,0,0
BRDA:105,5,1,1
BRDA:121,6,0,0
BRDA:121,6,1,0
BRDA:130,7,0,0
BRDA:130,7,1,1
BRDA:211,8,0,4
BRDA:211,8,1,0
BRF:18
BRH:5
end_of_record
TN:
SF:src\utils\notificationSound.ts
FN:9,(anonymous_0)
FN:10,(anonymous_1)
FN:31,(anonymous_2)
FN:45,(anonymous_3)
FN:61,(anonymous_4)
FN:67,(anonymous_5)
FNF:6
FNH:0
FNDA:0,(anonymous_0)
FNDA:0,(anonymous_1)
FNDA:0,(anonymous_2)
FNDA:0,(anonymous_3)
FNDA:0,(anonymous_4)
FNDA:0,(anonymous_5)
DA:9,0
DA:10,0
DA:11,0
DA:12,0
DA:13,0
DA:14,0
DA:16,0
DA:17,0
DA:20,0
DA:21,0
DA:22,0
DA:24,0
DA:25,0
DA:26,0
DA:28,0
DA:29,0
DA:31,0
DA:32,0
DA:33,0
DA:37,0
DA:45,0
DA:46,0
DA:47,0
DA:48,0
DA:49,0
DA:50,0
DA:52,0
DA:53,0
DA:55,0
DA:61,0
DA:62,0
DA:67,0
DA:68,0
LF:33
LH:0
BRDA:12,0,0,0
BRDA:12,0,1,0
BRDA:45,1,0,0
BRDA:50,2,0,0
BRDA:50,2,1,0
BRF:5
BRH:0
end_of_record
TN:
SF:src\utils\routePreload.ts
FN:16,(anonymous_0)
FN:17,(anonymous_1)
FN:20,(anonymous_2)
FN:21,(anonymous_3)
FN:24,(anonymous_4)
FN:25,(anonymous_5)
FN:28,(anonymous_6)
FN:29,(anonymous_7)
FN:32,(anonymous_8)
FN:33,(anonymous_9)
FN:39,(anonymous_10)
FN:40,(anonymous_11)
FN:43,(anonymous_12)
FNF:13
FNH:0
FNDA:0,(anonymous_0)
FNDA:0,(anonymous_1)
FNDA:0,(anonymous_2)
FNDA:0,(anonymous_3)
FNDA:0,(anonymous_4)
FNDA:0,(anonymous_5)
FNDA:0,(anonymous_6)
FNDA:0,(anonymous_7)
FNDA:0,(anonymous_8)
FNDA:0,(anonymous_9)
FNDA:0,(anonymous_10)
FNDA:0,(anonymous_11)
FNDA:0,(anonymous_12)
DA:14,0
DA:16,0
DA:17,0
DA:20,0
DA:21,0
DA:24,0
DA:25,0
DA:28,0
DA:29,0
DA:32,0
DA:33,0
DA:37,0
DA:39,0
DA:40,0
DA:41,0
DA:42,0
DA:43,0
DA:46,0
LF:18
LH:0
BRDA:16,0,0,0
BRDA:16,0,1,0
BRDA:16,0,2,0
BRDA:41,1,0,0
BRDA:41,1,1,0
BRDA:42,2,0,0
BRDA:42,2,1,0
BRF:7
BRH:0
end_of_record
TN:
SF:src\utils\sessionTimeUtils.ts
FN:27,isDaylightSavingTime
FN:88,getLastSundayOfMonth
FN:98,getNthSundayOfMonth
FN:117,getSessionTimeRange
FN:177,normalizeSessionName
FN:196,isTradeInSession
FN:211,getSessionMappings
FN:236,getSessionForTimestamp
FN:243,getExactRange
FN:326,deriveTradeDateForSession
FNF:10
FNH:8
FNDA:234,isDaylightSavingTime
FNDA:5,getLastSundayOfMonth
FNDA:5,getNthSundayOfMonth
FNDA:12,getSessionTimeRange
FNDA:30,normalizeSessionName
FNDA:0,isTradeInSession
FNDA:0,getSessionMappings
FNDA:23,getSessionForTimestamp
FNDA:105,getExactRange
FNDA:21,deriveTradeDateForSession
DA:15,3
DA:28,234
DA:29,234
DA:30,234
DA:32,234
DA:36,117
DA:37,49
DA:41,68
DA:42,63
DA:46,5
DA:47,5
DA:48,5
DA:52,0
DA:53,0
DA:54,0
DA:60,117
DA:61,49
DA:65,68
DA:66,63
DA:70,5
DA:71,5
DA:72,5
DA:76,0
DA:77,0
DA:78,0
DA:82,0
DA:89,5
DA:90,5
DA:91,5
DA:92,5
DA:99,5
DA:100,5
DA:103,5
DA:104,5
DA:107,5
DA:108,5
DA:110,5
DA:118,12
DA:119,12
DA:120,12
DA:123,12
DA:128,12
DA:129,12
DA:133,12
DA:137,5
DA:138,5
DA:139,5
DA:143,5
DA:144,5
DA:145,5
DA:148,2
DA:149,2
DA:150,2
DA:154,0
DA:155,0
DA:158,0
DA:159,0
DA:160,0
DA:163,0
DA:164,0
DA:168,12
DA:169,12
DA:171,12
DA:178,30
DA:189,30
DA:197,0
DA:200,0
DA:201,0
DA:204,0
DA:212,0
DA:223,0
DA:237,23
DA:238,22
DA:239,22
DA:244,105
DA:245,105
DA:246,105
DA:248,105
DA:249,105
DA:251,105
DA:253,21
DA:254,21
DA:255,21
DA:261,21
DA:262,21
DA:263,21
DA:269,21
DA:270,21
DA:271,21
DA:279,42
DA:280,42
DA:281,42
DA:294,21
DA:295,21
DA:298,21
DA:299,42
DA:304,42
DA:305,42
DA:306,6
DA:311,21
DA:312,63
DA:313,63
DA:314,14
DA:318,21
DA:330,21
DA:331,21
DA:332,21
DA:334,21
DA:335,3
DA:338,18
DA:340,18
DA:341,6
DA:344,12
LF:113
LH:93
BRDA:27,0,0,0
BRDA:32,1,0,117
BRDA:32,1,1,117
BRDA:36,2,0,49
BRDA:36,2,1,68
BRDA:36,3,0,117
BRDA:36,3,1,68
BRDA:41,4,0,63
BRDA:41,4,1,5
BRDA:41,5,0,68
BRDA:41,5,1,63
BRDA:46,6,0,5
BRDA:46,6,1,0
BRDA:52,7,0,0
BRDA:52,7,1,0
BRDA:60,8,0,49
BRDA:60,8,1,68
BRDA:60,9,0,117
BRDA:60,9,1,68
BRDA:65,10,0,63
BRDA:65,10,1,5
BRDA:65,11,0,68
BRDA:65,11,1,63
BRDA:70,12,0,5
BRDA:70,12,1,0
BRDA:76,13,0,0
BRDA:76,13,1,0
BRDA:133,14,0,5
BRDA:133,14,1,5
BRDA:133,14,2,2
BRDA:133,14,3,0
BRDA:133,14,4,0
BRDA:137,15,0,3
BRDA:137,15,1,2
BRDA:138,16,0,3
BRDA:138,16,1,2
BRDA:143,17,0,3
BRDA:143,17,1,2
BRDA:144,18,0,3
BRDA:144,18,1,2
BRDA:148,19,0,2
BRDA:148,19,1,0
BRDA:149,20,0,2
BRDA:149,20,1,0
BRDA:154,21,0,0
BRDA:154,21,1,0
BRDA:155,22,0,0
BRDA:155,22,1,0
BRDA:189,23,0,30
BRDA:189,23,1,0
BRDA:200,24,0,0
BRDA:200,24,1,0
BRDA:201,25,0,0
BRDA:201,25,1,0
BRDA:204,26,0,0
BRDA:204,26,1,0
BRDA:223,27,0,0
BRDA:223,27,1,0
BRDA:237,28,0,1
BRDA:237,28,1,22
BRDA:239,29,0,1
BRDA:239,29,1,21
BRDA:251,30,0,21
BRDA:251,30,1,21
BRDA:251,30,2,21
BRDA:251,30,3,42
BRDA:253,31,0,11
BRDA:253,31,1,10
BRDA:254,32,0,11
BRDA:254,32,1,10
BRDA:261,33,0,12
BRDA:261,33,1,9
BRDA:262,34,0,12
BRDA:262,34,1,9
BRDA:269,35,0,12
BRDA:269,35,1,9
BRDA:270,36,0,12
BRDA:270,36,1,9
BRDA:279,37,0,22
BRDA:279,37,1,20
BRDA:280,38,0,22
BRDA:280,38,1,20
BRDA:305,39,0,6
BRDA:305,39,1,36
BRDA:305,40,0,42
BRDA:305,40,1,23
BRDA:313,41,0,14
BRDA:313,41,1,49
BRDA:313,42,0,63
BRDA:313,42,1,35
BRDA:334,43,0,3
BRDA:334,43,1,18
BRDA:340,44,0,6
BRDA:340,44,1,12
BRF:94
BRH:70
end_of_record
TN:
SF:src\utils\supabaseErrorHandler.ts
FN:186,parseSupabaseError
FN:252,categorizeErrorByMessage
FN:280,determineSeverity
FN:301,generateUserMessage
FN:325,isRetryable
FN:348,getErrorRecoveryStrategy
FN:384,logSupabaseError
FN:427,handleSupabaseError
FNF:8
FNH:8
FNDA:27,parseSupabaseError
FNDA:8,categorizeErrorByMessage
FNDA:8,determineSeverity
FNDA:8,generateUserMessage
FNDA:8,isRetryable
FNDA:13,getErrorRecoveryStrategy
FNDA:9,logSupabaseError
FNDA:9,handleSupabaseError
DA:89,5
DA:187,27
DA:190,27
DA:191,1
DA:204,26
DA:205,26
DA:206,26
DA:207,26
DA:210,26
DA:212,26
DA:213,18
DA:229,8
DA:230,8
DA:231,8
DA:232,8
DA:234,8
DA:253,8
DA:255,8
DA:256,0
DA:258,8
DA:259,1
DA:261,7
DA:262,1
DA:264,6
DA:265,1
DA:267,5
DA:268,1
DA:270,4
DA:271,0
DA:274,4
DA:281,8
DA:284,1
DA:287,1
DA:290,2
DA:292,4
DA:294,0
DA:302,8
DA:304,0
DA:306,1
DA:308,1
DA:310,1
DA:312,1
DA:314,0
DA:316,4
DA:318,0
DA:326,8
DA:329,1
DA:333,2
DA:336,4
DA:339,1
DA:341,0
DA:349,13
DA:350,6
DA:353,7
DA:355,4
DA:361,1
DA:367,1
DA:373,1
DA:385,9
DA:396,9
DA:397,0
DA:404,0
DA:405,0
DA:406,0
DA:407,0
DA:410,9
DA:413,4
DA:414,4
DA:416,5
DA:417,5
DA:419,0
DA:420,0
DA:428,9
DA:429,9
DA:430,9
LF:75
LH:61
BRDA:190,0,0,1
BRDA:190,0,1,26
BRDA:204,1,0,26
BRDA:204,1,1,4
BRDA:204,1,2,4
BRDA:205,2,0,26
BRDA:205,2,1,8
BRDA:205,2,2,8
BRDA:206,3,0,26
BRDA:206,3,1,26
BRDA:212,4,0,18
BRDA:212,4,1,8
BRDA:255,5,0,0
BRDA:255,5,1,8
BRDA:255,6,0,8
BRDA:255,6,1,8
BRDA:255,6,2,8
BRDA:258,7,0,1
BRDA:258,7,1,7
BRDA:258,8,0,8
BRDA:258,8,1,7
BRDA:258,8,2,7
BRDA:261,9,0,1
BRDA:261,9,1,6
BRDA:261,10,0,7
BRDA:261,10,1,6
BRDA:261,10,2,6
BRDA:264,11,0,1
BRDA:264,11,1,5
BRDA:264,12,0,6
BRDA:264,12,1,6
BRDA:264,12,2,5
BRDA:267,13,0,1
BRDA:267,13,1,4
BRDA:267,14,0,5
BRDA:267,14,1,5
BRDA:267,14,2,4
BRDA:270,15,0,0
BRDA:270,15,1,4
BRDA:270,16,0,4
BRDA:270,16,1,4
BRDA:270,16,2,4
BRDA:281,17,0,0
BRDA:281,17,1,1
BRDA:281,17,2,1
BRDA:281,17,3,1
BRDA:281,17,4,1
BRDA:281,17,5,2
BRDA:281,17,6,4
BRDA:281,17,7,0
BRDA:292,18,0,0
BRDA:292,18,1,4
BRDA:302,19,0,0
BRDA:302,19,1,1
BRDA:302,19,2,1
BRDA:302,19,3,1
BRDA:302,19,4,1
BRDA:302,19,5,0
BRDA:302,19,6,4
BRDA:302,19,7,0
BRDA:326,20,0,1
BRDA:326,20,1,1
BRDA:326,20,2,0
BRDA:326,20,3,1
BRDA:326,20,4,2
BRDA:326,20,5,4
BRDA:326,20,6,1
BRDA:326,20,7,0
BRDA:336,21,0,4
BRDA:336,21,1,2
BRDA:339,22,0,1
BRDA:339,22,1,1
BRDA:349,23,0,6
BRDA:349,23,1,7
BRDA:353,24,0,4
BRDA:353,24,1,1
BRDA:353,24,2,1
BRDA:353,24,3,1
BRDA:396,25,0,0
BRDA:396,25,1,9
BRDA:404,26,0,0
BRDA:404,26,1,0
BRDA:410,27,0,0
BRDA:410,27,1,4
BRDA:410,27,2,5
BRDA:410,27,3,0
BRF:86
BRH:71
end_of_record
TN:
SF:src\utils\tagColors.ts
FN:34,(anonymous_0)
FN:52,(anonymous_1)
FN:61,(anonymous_2)
FN:71,(anonymous_3)
FN:82,(anonymous_4)
FN:92,(anonymous_5)
FN:110,(anonymous_6)
FN:120,(anonymous_7)
FN:134,(anonymous_8)
FN:155,(anonymous_9)
FN:156,(anonymous_10)
FN:164,(anonymous_11)
FN:167,(anonymous_12)
FN:182,(anonymous_13)
FNF:14
FNH:14
FNDA:8,(anonymous_0)
FNDA:40,(anonymous_1)
FNDA:11,(anonymous_2)
FNDA:3,(anonymous_3)
FNDA:3,(anonymous_4)
FNDA:6,(anonymous_5)
FNDA:1,(anonymous_6)
FNDA:8,(anonymous_7)
FNDA:1,(anonymous_8)
FNDA:1,(anonymous_9)
FNDA:4,(anonymous_10)
FNDA:1,(anonymous_11)
FNDA:4,(anonymous_12)
FNDA:3,(anonymous_13)
DA:10,1
DA:34,1
DA:36,8
DA:37,8
DA:38,64
DA:39,64
DA:40,64
DA:44,8
DA:52,1
DA:53,40
DA:61,1
DA:62,11
DA:63,10
DA:71,1
DA:72,3
DA:73,2
DA:74,2
DA:82,1
DA:83,3
DA:84,3
DA:92,1
DA:93,6
DA:95,5
DA:96,3
DA:97,3
DA:98,3
DA:99,3
DA:102,2
DA:110,1
DA:111,1
DA:120,1
DA:122,8
DA:124,8
DA:125,8
DA:134,1
DA:135,1
DA:136,1
DA:155,1
DA:156,4
DA:164,1
DA:165,1
DA:167,1
DA:168,4
DA:169,3
DA:173,1
DA:182,1
DA:183,3
DA:184,1
LF:48
LH:48
BRDA:62,0,0,1
BRDA:62,0,1,10
BRDA:72,1,0,1
BRDA:72,1,1,2
BRDA:74,2,0,2
BRDA:74,2,1,0
BRDA:83,3,0,0
BRDA:83,3,1,3
BRDA:93,4,0,1
BRDA:93,4,1,5
BRDA:95,5,0,3
BRDA:95,5,1,2
BRDA:98,6,0,3
BRDA:98,6,1,0
BRDA:122,7,0,3
BRDA:122,7,1,5
BRDA:156,8,0,4
BRDA:156,8,1,3
BRDA:168,9,0,3
BRDA:168,9,1,1
BRDA:182,10,0,1
BRDA:183,11,0,2
BRDA:183,11,1,1
BRDA:183,12,0,3
BRDA:183,12,1,2
BRF:25
BRH:22
end_of_record
TN:
SF:src\workers\workerManager.ts
FN:24,(anonymous_0)
FN:29,(anonymous_1)
FN:41,(anonymous_2)
FN:71,(anonymous_3)
FN:75,(anonymous_4)
FN:91,(anonymous_5)
FN:99,(anonymous_6)
FN:101,(anonymous_7)
FN:122,(anonymous_8)
FN:131,(anonymous_9)
FN:143,(anonymous_10)
FN:152,createInlineWorker
FNF:12
FNH:0
FNDA:0,(anonymous_0)
FNDA:0,(anonymous_1)
FNDA:0,(anonymous_2)
FNDA:0,(anonymous_3)
FNDA:0,(anonymous_4)
FNDA:0,(anonymous_5)
FNDA:0,(anonymous_6)
FNDA:0,(anonymous_7)
FNDA:0,(anonymous_8)
FNDA:0,(anonymous_9)
FNDA:0,(anonymous_10)
FNDA:0,createInlineWorker
DA:20,0
DA:21,0
DA:22,0
DA:30,0
DA:31,0
DA:32,0
DA:33,0
DA:35,0
DA:41,0
DA:42,0
DA:44,0
DA:45,0
DA:46,0
DA:47,0
DA:51,0
DA:52,0
DA:56,0
DA:59,0
DA:60,0
DA:61,0
DA:62,0
DA:64,0
DA:71,0
DA:72,0
DA:75,0
DA:76,0
DA:77,0
DA:79,0
DA:82,0
DA:85,0
DA:96,0
DA:97,0
DA:99,0
DA:101,0
DA:102,0
DA:103,0
DA:107,0
DA:114,0
DA:115,0
DA:123,0
DA:124,0
DA:125,0
DA:126,0
DA:127,0
DA:131,0
DA:132,0
DA:133,0
DA:135,0
DA:137,0
DA:144,0
DA:153,0
DA:154,0
DA:155,0
DA:159,0
DA:161,0
LF:55
LH:0
BRDA:30,0,0,0
BRDA:30,0,1,0
BRDA:45,1,0,0
BRDA:45,1,1,0
BRDA:51,2,0,0
BRDA:51,2,1,0
BRDA:59,3,0,0
BRDA:59,3,1,0
BRDA:76,4,0,0
BRDA:76,4,1,0
BRDA:94,5,0,0
BRDA:123,6,0,0
BRDA:123,6,1,0
BRDA:132,7,0,0
BRDA:132,7,1,0
BRF:15
BRH:0
end_of_record
